2022-03-12 15:37:26,913 WARN [http-nio-8080-exec-1] o.s.w.s.m.m.a.ExceptionHandlerExceptionResolver [AbstractHandlerExceptionResolver.java:198] Resolved [java.lang.NullPointerException]
2022-03-12 20:48:58,965 WARN [kafka-producer-network-thread | producer-1] o.a.k.c.NetworkClient [NetworkClient.java:968] [Producer clientId=producer-1] Error while fetching metadata with correlation id 1 : {comment=LEADER_NOT_AVAILABLE}
2022-03-12 21:01:26,226 WARN [http-nio-8080-exec-8] o.s.w.s.m.m.a.ExceptionHandlerExceptionResolver [AbstractHandlerExceptionResolver.java:198] Resolved [java.lang.IllegalArgumentException: Topic cannot be null.]
2022-03-12 21:01:32,610 WARN [http-nio-8080-exec-10] o.s.w.s.m.m.a.ExceptionHandlerExceptionResolver [AbstractHandlerExceptionResolver.java:198] Resolved [java.lang.IllegalArgumentException: Topic cannot be null.]
2022-03-12 21:01:35,175 WARN [http-nio-8080-exec-1] o.s.w.s.m.m.a.ExceptionHandlerExceptionResolver [AbstractHandlerExceptionResolver.java:198] Resolved [java.lang.IllegalArgumentException: Topic cannot be null.]
2022-03-12 21:08:34,608 WARN [http-nio-8080-exec-2] o.s.w.s.m.m.a.ExceptionHandlerExceptionResolver [AbstractHandlerExceptionResolver.java:198] Resolved [java.lang.IllegalArgumentException: Topic cannot be null.]
2022-03-12 21:09:44,249 WARN [http-nio-8080-exec-3] o.s.w.s.m.m.a.ExceptionHandlerExceptionResolver [AbstractHandlerExceptionResolver.java:198] Resolved [java.lang.IllegalArgumentException: Topic cannot be null.]
2022-03-12 21:16:38,140 WARN [http-nio-8080-exec-9] o.s.w.s.m.m.a.ExceptionHandlerExceptionResolver [AbstractHandlerExceptionResolver.java:198] Resolved [org.springframework.web.method.annotation.MethodArgumentTypeMismatchException: Failed to convert value of type 'java.lang.String' to required type 'int'; nested exception is java.lang.NumberFormatException: For input string: "profile.html"]
2022-03-12 23:11:11,496 WARN [org.springframework.kafka.KafkaListenerEndpointContainer#0-0-C-1] o.a.k.c.c.i.ConsumerCoordinator [ConsumerCoordinator.java:737] [Consumer clientId=consumer-2, groupId=community-consumer-group] Asynchronous auto-commit of offsets {comment-0=OffsetAndMetadata{offset=4, metadata=''}, like-0=OffsetAndMetadata{offset=2, metadata=''}, follow-0=OffsetAndMetadata{offset=1, metadata=''}} failed: Commit cannot be completed since the group has already rebalanced and assigned the partitions to another member. This means that the time between subsequent calls to poll() was longer than the configured max.poll.interval.ms, which typically implies that the poll loop is spending too much time message processing. You can address this either by increasing the session timeout or by reducing the maximum size of batches returned in poll() with max.poll.records.
2022-03-12 23:11:11,499 WARN [org.springframework.kafka.KafkaListenerEndpointContainer#0-0-C-1] o.a.k.c.c.i.ConsumerCoordinator [ConsumerCoordinator.java:759] [Consumer clientId=consumer-2, groupId=community-consumer-group] Synchronous auto-commit of offsets {comment-0=OffsetAndMetadata{offset=4, metadata=''}, like-0=OffsetAndMetadata{offset=2, metadata=''}, follow-0=OffsetAndMetadata{offset=1, metadata=''}} failed: Commit cannot be completed since the group has already rebalanced and assigned the partitions to another member. This means that the time between subsequent calls to poll() was longer than the configured max.poll.interval.ms, which typically implies that the poll loop is spending too much time message processing. You can address this either by increasing the session timeout or by reducing the maximum size of batches returned in poll() with max.poll.records.
2022-03-12 23:11:17,151 WARN [org.springframework.kafka.KafkaListenerEndpointContainer#0-0-C-1] o.a.k.c.NetworkClient [NetworkClient.java:671] [Consumer clientId=consumer-2, groupId=community-consumer-group] Connection to node 0 could not be established. Broker may not be available.
2022-03-12 23:11:17,269 WARN [org.springframework.kafka.KafkaListenerEndpointContainer#0-0-C-1] o.a.k.c.NetworkClient [NetworkClient.java:671] [Consumer clientId=consumer-2, groupId=community-consumer-group] Connection to node 0 could not be established. Broker may not be available.
2022-03-12 23:11:17,457 WARN [org.springframework.kafka.KafkaListenerEndpointContainer#0-0-C-1] o.a.k.c.NetworkClient [NetworkClient.java:671] [Consumer clientId=consumer-2, groupId=community-consumer-group] Connection to node 0 could not be established. Broker may not be available.
2022-03-12 23:11:18,876 WARN [HikariPool-1 housekeeper] c.z.h.p.HikariPool [HikariPool.java:766] HikariPool-1 - Thread starvation or clock leap detected (housekeeper delta=18m33s773ms449µs400ns).
2022-03-12 23:11:38,979 WARN [org.springframework.kafka.KafkaListenerEndpointContainer#0-0-C-1] o.a.k.c.NetworkClient [NetworkClient.java:671] [Consumer clientId=consumer-2, groupId=community-consumer-group] Connection to node 0 could not be established. Broker may not be available.
2022-03-12 23:12:00,946 WARN [org.springframework.kafka.KafkaListenerEndpointContainer#0-0-C-1] o.a.k.c.NetworkClient [NetworkClient.java:671] [Consumer clientId=consumer-2, groupId=community-consumer-group] Connection to node 0 could not be established. Broker may not be available.
2022-03-12 23:12:22,997 WARN [org.springframework.kafka.KafkaListenerEndpointContainer#0-0-C-1] o.a.k.c.NetworkClient [NetworkClient.java:671] [Consumer clientId=consumer-2, groupId=community-consumer-group] Connection to node 0 could not be established. Broker may not be available.
2022-03-12 23:12:45,064 WARN [org.springframework.kafka.KafkaListenerEndpointContainer#0-0-C-1] o.a.k.c.NetworkClient [NetworkClient.java:671] [Consumer clientId=consumer-2, groupId=community-consumer-group] Connection to node 0 could not be established. Broker may not be available.
2022-03-12 23:13:07,182 WARN [org.springframework.kafka.KafkaListenerEndpointContainer#0-0-C-1] o.a.k.c.NetworkClient [NetworkClient.java:671] [Consumer clientId=consumer-2, groupId=community-consumer-group] Connection to node 0 could not be established. Broker may not be available.
2022-03-12 23:13:29,399 WARN [org.springframework.kafka.KafkaListenerEndpointContainer#0-0-C-1] o.a.k.c.NetworkClient [NetworkClient.java:671] [Consumer clientId=consumer-2, groupId=community-consumer-group] Connection to node 0 could not be established. Broker may not be available.
2022-03-12 23:13:51,536 WARN [org.springframework.kafka.KafkaListenerEndpointContainer#0-0-C-1] o.a.k.c.NetworkClient [NetworkClient.java:671] [Consumer clientId=consumer-2, groupId=community-consumer-group] Connection to node 0 could not be established. Broker may not be available.
2022-03-12 23:14:13,455 WARN [org.springframework.kafka.KafkaListenerEndpointContainer#0-0-C-1] o.a.k.c.NetworkClient [NetworkClient.java:671] [Consumer clientId=consumer-2, groupId=community-consumer-group] Connection to node 0 could not be established. Broker may not be available.
2022-03-12 23:14:35,503 WARN [org.springframework.kafka.KafkaListenerEndpointContainer#0-0-C-1] o.a.k.c.NetworkClient [NetworkClient.java:671] [Consumer clientId=consumer-2, groupId=community-consumer-group] Connection to node 0 could not be established. Broker may not be available.
2022-03-12 23:14:57,468 WARN [org.springframework.kafka.KafkaListenerEndpointContainer#0-0-C-1] o.a.k.c.NetworkClient [NetworkClient.java:671] [Consumer clientId=consumer-2, groupId=community-consumer-group] Connection to node 0 could not be established. Broker may not be available.
2022-03-12 23:15:19,563 WARN [org.springframework.kafka.KafkaListenerEndpointContainer#0-0-C-1] o.a.k.c.NetworkClient [NetworkClient.java:671] [Consumer clientId=consumer-2, groupId=community-consumer-group] Connection to node 0 could not be established. Broker may not be available.
2022-03-12 23:15:41,661 WARN [org.springframework.kafka.KafkaListenerEndpointContainer#0-0-C-1] o.a.k.c.NetworkClient [NetworkClient.java:671] [Consumer clientId=consumer-2, groupId=community-consumer-group] Connection to node 0 could not be established. Broker may not be available.
2022-03-12 23:16:03,816 WARN [org.springframework.kafka.KafkaListenerEndpointContainer#0-0-C-1] o.a.k.c.NetworkClient [NetworkClient.java:671] [Consumer clientId=consumer-2, groupId=community-consumer-group] Connection to node 0 could not be established. Broker may not be available.
2022-03-12 23:16:26,018 WARN [org.springframework.kafka.KafkaListenerEndpointContainer#0-0-C-1] o.a.k.c.NetworkClient [NetworkClient.java:671] [Consumer clientId=consumer-2, groupId=community-consumer-group] Connection to node 0 could not be established. Broker may not be available.
2022-03-12 23:16:47,931 WARN [org.springframework.kafka.KafkaListenerEndpointContainer#0-0-C-1] o.a.k.c.NetworkClient [NetworkClient.java:671] [Consumer clientId=consumer-2, groupId=community-consumer-group] Connection to node 0 could not be established. Broker may not be available.
2022-03-12 23:17:09,893 WARN [org.springframework.kafka.KafkaListenerEndpointContainer#0-0-C-1] o.a.k.c.NetworkClient [NetworkClient.java:671] [Consumer clientId=consumer-2, groupId=community-consumer-group] Connection to node 0 could not be established. Broker may not be available.
2022-03-12 23:17:32,050 WARN [org.springframework.kafka.KafkaListenerEndpointContainer#0-0-C-1] o.a.k.c.NetworkClient [NetworkClient.java:671] [Consumer clientId=consumer-2, groupId=community-consumer-group] Connection to node 0 could not be established. Broker may not be available.
2022-03-12 23:17:54,003 WARN [org.springframework.kafka.KafkaListenerEndpointContainer#0-0-C-1] o.a.k.c.NetworkClient [NetworkClient.java:671] [Consumer clientId=consumer-2, groupId=community-consumer-group] Connection to node 0 could not be established. Broker may not be available.
2022-03-12 23:18:16,030 WARN [org.springframework.kafka.KafkaListenerEndpointContainer#0-0-C-1] o.a.k.c.NetworkClient [NetworkClient.java:671] [Consumer clientId=consumer-2, groupId=community-consumer-group] Connection to node 0 could not be established. Broker may not be available.
2022-03-12 23:18:38,294 WARN [org.springframework.kafka.KafkaListenerEndpointContainer#0-0-C-1] o.a.k.c.NetworkClient [NetworkClient.java:671] [Consumer clientId=consumer-2, groupId=community-consumer-group] Connection to node 0 could not be established. Broker may not be available.
2022-03-12 23:19:00,333 WARN [org.springframework.kafka.KafkaListenerEndpointContainer#0-0-C-1] o.a.k.c.NetworkClient [NetworkClient.java:671] [Consumer clientId=consumer-2, groupId=community-consumer-group] Connection to node 0 could not be established. Broker may not be available.
2022-03-12 23:19:22,498 WARN [org.springframework.kafka.KafkaListenerEndpointContainer#0-0-C-1] o.a.k.c.NetworkClient [NetworkClient.java:671] [Consumer clientId=consumer-2, groupId=community-consumer-group] Connection to node 0 could not be established. Broker may not be available.
2022-03-12 23:19:44,717 WARN [org.springframework.kafka.KafkaListenerEndpointContainer#0-0-C-1] o.a.k.c.NetworkClient [NetworkClient.java:671] [Consumer clientId=consumer-2, groupId=community-consumer-group] Connection to node 0 could not be established. Broker may not be available.
2022-03-12 23:20:06,682 WARN [org.springframework.kafka.KafkaListenerEndpointContainer#0-0-C-1] o.a.k.c.NetworkClient [NetworkClient.java:671] [Consumer clientId=consumer-2, groupId=community-consumer-group] Connection to node 0 could not be established. Broker may not be available.
2022-03-12 23:20:28,714 WARN [org.springframework.kafka.KafkaListenerEndpointContainer#0-0-C-1] o.a.k.c.NetworkClient [NetworkClient.java:671] [Consumer clientId=consumer-2, groupId=community-consumer-group] Connection to node 0 could not be established. Broker may not be available.
2022-03-12 23:20:50,747 WARN [org.springframework.kafka.KafkaListenerEndpointContainer#0-0-C-1] o.a.k.c.NetworkClient [NetworkClient.java:671] [Consumer clientId=consumer-2, groupId=community-consumer-group] Connection to node 0 could not be established. Broker may not be available.
2022-03-12 23:21:12,906 WARN [org.springframework.kafka.KafkaListenerEndpointContainer#0-0-C-1] o.a.k.c.NetworkClient [NetworkClient.java:671] [Consumer clientId=consumer-2, groupId=community-consumer-group] Connection to node 0 could not be established. Broker may not be available.
2022-03-12 23:21:35,119 WARN [org.springframework.kafka.KafkaListenerEndpointContainer#0-0-C-1] o.a.k.c.NetworkClient [NetworkClient.java:671] [Consumer clientId=consumer-2, groupId=community-consumer-group] Connection to node 0 could not be established. Broker may not be available.
2022-03-12 23:21:57,095 WARN [org.springframework.kafka.KafkaListenerEndpointContainer#0-0-C-1] o.a.k.c.NetworkClient [NetworkClient.java:671] [Consumer clientId=consumer-2, groupId=community-consumer-group] Connection to node 0 could not be established. Broker may not be available.
2022-03-12 23:22:19,042 WARN [org.springframework.kafka.KafkaListenerEndpointContainer#0-0-C-1] o.a.k.c.NetworkClient [NetworkClient.java:671] [Consumer clientId=consumer-2, groupId=community-consumer-group] Connection to node 0 could not be established. Broker may not be available.
2022-03-12 23:22:41,263 WARN [org.springframework.kafka.KafkaListenerEndpointContainer#0-0-C-1] o.a.k.c.NetworkClient [NetworkClient.java:671] [Consumer clientId=consumer-2, groupId=community-consumer-group] Connection to node 0 could not be established. Broker may not be available.
2022-03-12 23:23:03,248 WARN [org.springframework.kafka.KafkaListenerEndpointContainer#0-0-C-1] o.a.k.c.NetworkClient [NetworkClient.java:671] [Consumer clientId=consumer-2, groupId=community-consumer-group] Connection to node 0 could not be established. Broker may not be available.
2022-03-12 23:23:25,418 WARN [org.springframework.kafka.KafkaListenerEndpointContainer#0-0-C-1] o.a.k.c.NetworkClient [NetworkClient.java:671] [Consumer clientId=consumer-2, groupId=community-consumer-group] Connection to node 0 could not be established. Broker may not be available.
2022-03-12 23:23:47,399 WARN [org.springframework.kafka.KafkaListenerEndpointContainer#0-0-C-1] o.a.k.c.NetworkClient [NetworkClient.java:671] [Consumer clientId=consumer-2, groupId=community-consumer-group] Connection to node 0 could not be established. Broker may not be available.
2022-03-12 23:24:09,417 WARN [org.springframework.kafka.KafkaListenerEndpointContainer#0-0-C-1] o.a.k.c.NetworkClient [NetworkClient.java:671] [Consumer clientId=consumer-2, groupId=community-consumer-group] Connection to node 0 could not be established. Broker may not be available.
2022-03-12 23:24:31,599 WARN [org.springframework.kafka.KafkaListenerEndpointContainer#0-0-C-1] o.a.k.c.NetworkClient [NetworkClient.java:671] [Consumer clientId=consumer-2, groupId=community-consumer-group] Connection to node 0 could not be established. Broker may not be available.
2022-03-12 23:24:53,712 WARN [org.springframework.kafka.KafkaListenerEndpointContainer#0-0-C-1] o.a.k.c.NetworkClient [NetworkClient.java:671] [Consumer clientId=consumer-2, groupId=community-consumer-group] Connection to node 0 could not be established. Broker may not be available.
2022-03-12 23:25:15,979 WARN [org.springframework.kafka.KafkaListenerEndpointContainer#0-0-C-1] o.a.k.c.NetworkClient [NetworkClient.java:671] [Consumer clientId=consumer-2, groupId=community-consumer-group] Connection to node 0 could not be established. Broker may not be available.
2022-03-12 23:25:38,022 WARN [org.springframework.kafka.KafkaListenerEndpointContainer#0-0-C-1] o.a.k.c.NetworkClient [NetworkClient.java:671] [Consumer clientId=consumer-2, groupId=community-consumer-group] Connection to node 0 could not be established. Broker may not be available.
2022-03-12 23:26:00,254 WARN [org.springframework.kafka.KafkaListenerEndpointContainer#0-0-C-1] o.a.k.c.NetworkClient [NetworkClient.java:671] [Consumer clientId=consumer-2, groupId=community-consumer-group] Connection to node 0 could not be established. Broker may not be available.
2022-03-12 23:26:22,172 WARN [org.springframework.kafka.KafkaListenerEndpointContainer#0-0-C-1] o.a.k.c.NetworkClient [NetworkClient.java:671] [Consumer clientId=consumer-2, groupId=community-consumer-group] Connection to node 0 could not be established. Broker may not be available.
2022-03-12 23:26:44,221 WARN [org.springframework.kafka.KafkaListenerEndpointContainer#0-0-C-1] o.a.k.c.NetworkClient [NetworkClient.java:671] [Consumer clientId=consumer-2, groupId=community-consumer-group] Connection to node 0 could not be established. Broker may not be available.
2022-03-12 23:27:06,392 WARN [org.springframework.kafka.KafkaListenerEndpointContainer#0-0-C-1] o.a.k.c.NetworkClient [NetworkClient.java:671] [Consumer clientId=consumer-2, groupId=community-consumer-group] Connection to node 0 could not be established. Broker may not be available.
2022-03-12 23:27:28,335 WARN [org.springframework.kafka.KafkaListenerEndpointContainer#0-0-C-1] o.a.k.c.NetworkClient [NetworkClient.java:671] [Consumer clientId=consumer-2, groupId=community-consumer-group] Connection to node 0 could not be established. Broker may not be available.
2022-03-12 23:27:50,538 WARN [org.springframework.kafka.KafkaListenerEndpointContainer#0-0-C-1] o.a.k.c.NetworkClient [NetworkClient.java:671] [Consumer clientId=consumer-2, groupId=community-consumer-group] Connection to node 0 could not be established. Broker may not be available.
2022-03-12 23:28:12,470 WARN [org.springframework.kafka.KafkaListenerEndpointContainer#0-0-C-1] o.a.k.c.NetworkClient [NetworkClient.java:671] [Consumer clientId=consumer-2, groupId=community-consumer-group] Connection to node 0 could not be established. Broker may not be available.
2022-03-12 23:28:34,421 WARN [org.springframework.kafka.KafkaListenerEndpointContainer#0-0-C-1] o.a.k.c.NetworkClient [NetworkClient.java:671] [Consumer clientId=consumer-2, groupId=community-consumer-group] Connection to node 0 could not be established. Broker may not be available.
2022-03-12 23:28:56,366 WARN [org.springframework.kafka.KafkaListenerEndpointContainer#0-0-C-1] o.a.k.c.NetworkClient [NetworkClient.java:671] [Consumer clientId=consumer-2, groupId=community-consumer-group] Connection to node 0 could not be established. Broker may not be available.
2022-03-12 23:29:18,425 WARN [org.springframework.kafka.KafkaListenerEndpointContainer#0-0-C-1] o.a.k.c.NetworkClient [NetworkClient.java:671] [Consumer clientId=consumer-2, groupId=community-consumer-group] Connection to node 0 could not be established. Broker may not be available.
2022-03-12 23:29:40,390 WARN [org.springframework.kafka.KafkaListenerEndpointContainer#0-0-C-1] o.a.k.c.NetworkClient [NetworkClient.java:671] [Consumer clientId=consumer-2, groupId=community-consumer-group] Connection to node 0 could not be established. Broker may not be available.
2022-03-12 23:30:02,392 WARN [org.springframework.kafka.KafkaListenerEndpointContainer#0-0-C-1] o.a.k.c.NetworkClient [NetworkClient.java:671] [Consumer clientId=consumer-2, groupId=community-consumer-group] Connection to node 0 could not be established. Broker may not be available.
2022-03-12 23:30:24,341 WARN [org.springframework.kafka.KafkaListenerEndpointContainer#0-0-C-1] o.a.k.c.NetworkClient [NetworkClient.java:671] [Consumer clientId=consumer-2, groupId=community-consumer-group] Connection to node 0 could not be established. Broker may not be available.
2022-03-12 23:30:46,249 WARN [org.springframework.kafka.KafkaListenerEndpointContainer#0-0-C-1] o.a.k.c.NetworkClient [NetworkClient.java:671] [Consumer clientId=consumer-2, groupId=community-consumer-group] Connection to node 0 could not be established. Broker may not be available.
2022-03-12 23:31:08,511 WARN [org.springframework.kafka.KafkaListenerEndpointContainer#0-0-C-1] o.a.k.c.NetworkClient [NetworkClient.java:671] [Consumer clientId=consumer-2, groupId=community-consumer-group] Connection to node 0 could not be established. Broker may not be available.
2022-03-12 23:31:30,742 WARN [org.springframework.kafka.KafkaListenerEndpointContainer#0-0-C-1] o.a.k.c.NetworkClient [NetworkClient.java:671] [Consumer clientId=consumer-2, groupId=community-consumer-group] Connection to node 0 could not be established. Broker may not be available.
2022-03-12 23:31:52,833 WARN [org.springframework.kafka.KafkaListenerEndpointContainer#0-0-C-1] o.a.k.c.NetworkClient [NetworkClient.java:671] [Consumer clientId=consumer-2, groupId=community-consumer-group] Connection to node 0 could not be established. Broker may not be available.
2022-03-12 23:32:14,939 WARN [org.springframework.kafka.KafkaListenerEndpointContainer#0-0-C-1] o.a.k.c.NetworkClient [NetworkClient.java:671] [Consumer clientId=consumer-2, groupId=community-consumer-group] Connection to node 0 could not be established. Broker may not be available.
2022-03-12 23:32:37,070 WARN [org.springframework.kafka.KafkaListenerEndpointContainer#0-0-C-1] o.a.k.c.NetworkClient [NetworkClient.java:671] [Consumer clientId=consumer-2, groupId=community-consumer-group] Connection to node 0 could not be established. Broker may not be available.
2022-03-12 23:32:59,251 WARN [org.springframework.kafka.KafkaListenerEndpointContainer#0-0-C-1] o.a.k.c.NetworkClient [NetworkClient.java:671] [Consumer clientId=consumer-2, groupId=community-consumer-group] Connection to node 0 could not be established. Broker may not be available.
2022-03-12 23:33:21,172 WARN [org.springframework.kafka.KafkaListenerEndpointContainer#0-0-C-1] o.a.k.c.NetworkClient [NetworkClient.java:671] [Consumer clientId=consumer-2, groupId=community-consumer-group] Connection to node 0 could not be established. Broker may not be available.
2022-03-12 23:33:43,261 WARN [org.springframework.kafka.KafkaListenerEndpointContainer#0-0-C-1] o.a.k.c.NetworkClient [NetworkClient.java:671] [Consumer clientId=consumer-2, groupId=community-consumer-group] Connection to node 0 could not be established. Broker may not be available.
2022-03-12 23:34:05,514 WARN [org.springframework.kafka.KafkaListenerEndpointContainer#0-0-C-1] o.a.k.c.NetworkClient [NetworkClient.java:671] [Consumer clientId=consumer-2, groupId=community-consumer-group] Connection to node 0 could not be established. Broker may not be available.
2022-03-12 23:34:27,582 WARN [org.springframework.kafka.KafkaListenerEndpointContainer#0-0-C-1] o.a.k.c.NetworkClient [NetworkClient.java:671] [Consumer clientId=consumer-2, groupId=community-consumer-group] Connection to node 0 could not be established. Broker may not be available.
2022-03-12 23:34:49,601 WARN [org.springframework.kafka.KafkaListenerEndpointContainer#0-0-C-1] o.a.k.c.NetworkClient [NetworkClient.java:671] [Consumer clientId=consumer-2, groupId=community-consumer-group] Connection to node 0 could not be established. Broker may not be available.
2022-03-12 23:35:11,624 WARN [org.springframework.kafka.KafkaListenerEndpointContainer#0-0-C-1] o.a.k.c.NetworkClient [NetworkClient.java:671] [Consumer clientId=consumer-2, groupId=community-consumer-group] Connection to node 0 could not be established. Broker may not be available.
2022-03-12 23:35:33,520 WARN [org.springframework.kafka.KafkaListenerEndpointContainer#0-0-C-1] o.a.k.c.NetworkClient [NetworkClient.java:671] [Consumer clientId=consumer-2, groupId=community-consumer-group] Connection to node 0 could not be established. Broker may not be available.
2022-03-12 23:35:55,628 WARN [org.springframework.kafka.KafkaListenerEndpointContainer#0-0-C-1] o.a.k.c.NetworkClient [NetworkClient.java:671] [Consumer clientId=consumer-2, groupId=community-consumer-group] Connection to node 0 could not be established. Broker may not be available.
2022-03-12 23:36:17,612 WARN [org.springframework.kafka.KafkaListenerEndpointContainer#0-0-C-1] o.a.k.c.NetworkClient [NetworkClient.java:671] [Consumer clientId=consumer-2, groupId=community-consumer-group] Connection to node 0 could not be established. Broker may not be available.
2022-03-12 23:36:39,668 WARN [org.springframework.kafka.KafkaListenerEndpointContainer#0-0-C-1] o.a.k.c.NetworkClient [NetworkClient.java:671] [Consumer clientId=consumer-2, groupId=community-consumer-group] Connection to node 0 could not be established. Broker may not be available.
2022-03-12 23:37:01,811 WARN [org.springframework.kafka.KafkaListenerEndpointContainer#0-0-C-1] o.a.k.c.NetworkClient [NetworkClient.java:671] [Consumer clientId=consumer-2, groupId=community-consumer-group] Connection to node 0 could not be established. Broker may not be available.
2022-03-12 23:37:24,122 WARN [org.springframework.kafka.KafkaListenerEndpointContainer#0-0-C-1] o.a.k.c.NetworkClient [NetworkClient.java:671] [Consumer clientId=consumer-2, groupId=community-consumer-group] Connection to node 0 could not be established. Broker may not be available.
2022-03-12 23:37:46,011 WARN [org.springframework.kafka.KafkaListenerEndpointContainer#0-0-C-1] o.a.k.c.NetworkClient [NetworkClient.java:671] [Consumer clientId=consumer-2, groupId=community-consumer-group] Connection to node 0 could not be established. Broker may not be available.
2022-03-12 23:38:08,119 WARN [org.springframework.kafka.KafkaListenerEndpointContainer#0-0-C-1] o.a.k.c.NetworkClient [NetworkClient.java:671] [Consumer clientId=consumer-2, groupId=community-consumer-group] Connection to node 0 could not be established. Broker may not be available.
2022-03-12 23:38:30,089 WARN [org.springframework.kafka.KafkaListenerEndpointContainer#0-0-C-1] o.a.k.c.NetworkClient [NetworkClient.java:671] [Consumer clientId=consumer-2, groupId=community-consumer-group] Connection to node 0 could not be established. Broker may not be available.
2022-03-12 23:38:52,031 WARN [org.springframework.kafka.KafkaListenerEndpointContainer#0-0-C-1] o.a.k.c.NetworkClient [NetworkClient.java:671] [Consumer clientId=consumer-2, groupId=community-consumer-group] Connection to node 0 could not be established. Broker may not be available.
2022-03-12 23:39:13,991 WARN [org.springframework.kafka.KafkaListenerEndpointContainer#0-0-C-1] o.a.k.c.NetworkClient [NetworkClient.java:671] [Consumer clientId=consumer-2, groupId=community-consumer-group] Connection to node 0 could not be established. Broker may not be available.
2022-03-12 23:39:36,196 WARN [org.springframework.kafka.KafkaListenerEndpointContainer#0-0-C-1] o.a.k.c.NetworkClient [NetworkClient.java:671] [Consumer clientId=consumer-2, groupId=community-consumer-group] Connection to node 0 could not be established. Broker may not be available.
2022-03-12 23:39:58,230 WARN [org.springframework.kafka.KafkaListenerEndpointContainer#0-0-C-1] o.a.k.c.NetworkClient [NetworkClient.java:671] [Consumer clientId=consumer-2, groupId=community-consumer-group] Connection to node 0 could not be established. Broker may not be available.
2022-03-12 23:40:20,387 WARN [org.springframework.kafka.KafkaListenerEndpointContainer#0-0-C-1] o.a.k.c.NetworkClient [NetworkClient.java:671] [Consumer clientId=consumer-2, groupId=community-consumer-group] Connection to node 0 could not be established. Broker may not be available.
2022-03-12 23:40:42,486 WARN [org.springframework.kafka.KafkaListenerEndpointContainer#0-0-C-1] o.a.k.c.NetworkClient [NetworkClient.java:671] [Consumer clientId=consumer-2, groupId=community-consumer-group] Connection to node 0 could not be established. Broker may not be available.
2022-03-12 23:41:04,415 WARN [org.springframework.kafka.KafkaListenerEndpointContainer#0-0-C-1] o.a.k.c.NetworkClient [NetworkClient.java:671] [Consumer clientId=consumer-2, groupId=community-consumer-group] Connection to node 0 could not be established. Broker may not be available.
2022-03-12 23:41:26,714 WARN [org.springframework.kafka.KafkaListenerEndpointContainer#0-0-C-1] o.a.k.c.NetworkClient [NetworkClient.java:671] [Consumer clientId=consumer-2, groupId=community-consumer-group] Connection to node 0 could not be established. Broker may not be available.
2022-03-12 23:41:48,926 WARN [org.springframework.kafka.KafkaListenerEndpointContainer#0-0-C-1] o.a.k.c.NetworkClient [NetworkClient.java:671] [Consumer clientId=consumer-2, groupId=community-consumer-group] Connection to node 0 could not be established. Broker may not be available.
2022-03-12 23:42:11,100 WARN [org.springframework.kafka.KafkaListenerEndpointContainer#0-0-C-1] o.a.k.c.NetworkClient [NetworkClient.java:671] [Consumer clientId=consumer-2, groupId=community-consumer-group] Connection to node 0 could not be established. Broker may not be available.
2022-03-12 23:42:33,196 WARN [org.springframework.kafka.KafkaListenerEndpointContainer#0-0-C-1] o.a.k.c.NetworkClient [NetworkClient.java:671] [Consumer clientId=consumer-2, groupId=community-consumer-group] Connection to node 0 could not be established. Broker may not be available.
2022-03-12 23:42:55,291 WARN [org.springframework.kafka.KafkaListenerEndpointContainer#0-0-C-1] o.a.k.c.NetworkClient [NetworkClient.java:671] [Consumer clientId=consumer-2, groupId=community-consumer-group] Connection to node 0 could not be established. Broker may not be available.
2022-03-12 23:43:17,391 WARN [org.springframework.kafka.KafkaListenerEndpointContainer#0-0-C-1] o.a.k.c.NetworkClient [NetworkClient.java:671] [Consumer clientId=consumer-2, groupId=community-consumer-group] Connection to node 0 could not be established. Broker may not be available.
2022-03-12 23:43:39,610 WARN [org.springframework.kafka.KafkaListenerEndpointContainer#0-0-C-1] o.a.k.c.NetworkClient [NetworkClient.java:671] [Consumer clientId=consumer-2, groupId=community-consumer-group] Connection to node 0 could not be established. Broker may not be available.
2022-03-12 23:44:01,469 WARN [org.springframework.kafka.KafkaListenerEndpointContainer#0-0-C-1] o.a.k.c.NetworkClient [NetworkClient.java:671] [Consumer clientId=consumer-2, groupId=community-consumer-group] Connection to node 0 could not be established. Broker may not be available.
2022-03-12 23:44:23,576 WARN [org.springframework.kafka.KafkaListenerEndpointContainer#0-0-C-1] o.a.k.c.NetworkClient [NetworkClient.java:671] [Consumer clientId=consumer-2, groupId=community-consumer-group] Connection to node 0 could not be established. Broker may not be available.
2022-03-12 23:44:45,800 WARN [org.springframework.kafka.KafkaListenerEndpointContainer#0-0-C-1] o.a.k.c.NetworkClient [NetworkClient.java:671] [Consumer clientId=consumer-2, groupId=community-consumer-group] Connection to node 0 could not be established. Broker may not be available.
2022-03-12 23:45:07,818 WARN [org.springframework.kafka.KafkaListenerEndpointContainer#0-0-C-1] o.a.k.c.NetworkClient [NetworkClient.java:671] [Consumer clientId=consumer-2, groupId=community-consumer-group] Connection to node 0 could not be established. Broker may not be available.
2022-03-12 23:45:29,856 WARN [org.springframework.kafka.KafkaListenerEndpointContainer#0-0-C-1] o.a.k.c.NetworkClient [NetworkClient.java:671] [Consumer clientId=consumer-2, groupId=community-consumer-group] Connection to node 0 could not be established. Broker may not be available.
2022-03-12 23:45:51,718 WARN [org.springframework.kafka.KafkaListenerEndpointContainer#0-0-C-1] o.a.k.c.NetworkClient [NetworkClient.java:671] [Consumer clientId=consumer-2, groupId=community-consumer-group] Connection to node 0 could not be established. Broker may not be available.
2022-03-12 23:46:13,662 WARN [org.springframework.kafka.KafkaListenerEndpointContainer#0-0-C-1] o.a.k.c.NetworkClient [NetworkClient.java:671] [Consumer clientId=consumer-2, groupId=community-consumer-group] Connection to node 0 could not be established. Broker may not be available.
2022-03-12 23:46:35,586 WARN [org.springframework.kafka.KafkaListenerEndpointContainer#0-0-C-1] o.a.k.c.NetworkClient [NetworkClient.java:671] [Consumer clientId=consumer-2, groupId=community-consumer-group] Connection to node 0 could not be established. Broker may not be available.
2022-03-12 23:46:57,494 WARN [org.springframework.kafka.KafkaListenerEndpointContainer#0-0-C-1] o.a.k.c.NetworkClient [NetworkClient.java:671] [Consumer clientId=consumer-2, groupId=community-consumer-group] Connection to node 0 could not be established. Broker may not be available.
2022-03-12 23:47:19,474 WARN [org.springframework.kafka.KafkaListenerEndpointContainer#0-0-C-1] o.a.k.c.NetworkClient [NetworkClient.java:671] [Consumer clientId=consumer-2, groupId=community-consumer-group] Connection to node 0 could not be established. Broker may not be available.
2022-03-12 23:47:41,505 WARN [org.springframework.kafka.KafkaListenerEndpointContainer#0-0-C-1] o.a.k.c.NetworkClient [NetworkClient.java:671] [Consumer clientId=consumer-2, groupId=community-consumer-group] Connection to node 0 could not be established. Broker may not be available.
2022-03-12 23:48:03,458 WARN [org.springframework.kafka.KafkaListenerEndpointContainer#0-0-C-1] o.a.k.c.NetworkClient [NetworkClient.java:671] [Consumer clientId=consumer-2, groupId=community-consumer-group] Connection to node 0 could not be established. Broker may not be available.
2022-03-12 23:48:25,682 WARN [org.springframework.kafka.KafkaListenerEndpointContainer#0-0-C-1] o.a.k.c.NetworkClient [NetworkClient.java:671] [Consumer clientId=consumer-2, groupId=community-consumer-group] Connection to node 0 could not be established. Broker may not be available.
2022-03-12 23:48:47,822 WARN [org.springframework.kafka.KafkaListenerEndpointContainer#0-0-C-1] o.a.k.c.NetworkClient [NetworkClient.java:671] [Consumer clientId=consumer-2, groupId=community-consumer-group] Connection to node 0 could not be established. Broker may not be available.
2022-03-12 23:49:09,979 WARN [org.springframework.kafka.KafkaListenerEndpointContainer#0-0-C-1] o.a.k.c.NetworkClient [NetworkClient.java:671] [Consumer clientId=consumer-2, groupId=community-consumer-group] Connection to node 0 could not be established. Broker may not be available.
2022-03-12 23:49:32,013 WARN [org.springframework.kafka.KafkaListenerEndpointContainer#0-0-C-1] o.a.k.c.NetworkClient [NetworkClient.java:671] [Consumer clientId=consumer-2, groupId=community-consumer-group] Connection to node 0 could not be established. Broker may not be available.
2022-03-12 23:49:54,205 WARN [org.springframework.kafka.KafkaListenerEndpointContainer#0-0-C-1] o.a.k.c.NetworkClient [NetworkClient.java:671] [Consumer clientId=consumer-2, groupId=community-consumer-group] Connection to node 0 could not be established. Broker may not be available.
2022-03-12 23:50:16,355 WARN [org.springframework.kafka.KafkaListenerEndpointContainer#0-0-C-1] o.a.k.c.NetworkClient [NetworkClient.java:671] [Consumer clientId=consumer-2, groupId=community-consumer-group] Connection to node 0 could not be established. Broker may not be available.
2022-03-12 23:50:38,462 WARN [org.springframework.kafka.KafkaListenerEndpointContainer#0-0-C-1] o.a.k.c.NetworkClient [NetworkClient.java:671] [Consumer clientId=consumer-2, groupId=community-consumer-group] Connection to node 0 could not be established. Broker may not be available.
2022-03-12 23:51:00,687 WARN [org.springframework.kafka.KafkaListenerEndpointContainer#0-0-C-1] o.a.k.c.NetworkClient [NetworkClient.java:671] [Consumer clientId=consumer-2, groupId=community-consumer-group] Connection to node 0 could not be established. Broker may not be available.
2022-03-12 23:51:22,825 WARN [kafka-coordinator-heartbeat-thread | community-consumer-group] o.a.k.c.NetworkClient [NetworkClient.java:671] [Consumer clientId=consumer-2, groupId=community-consumer-group] Connection to node 0 could not be established. Broker may not be available.
2022-03-12 23:51:44,982 WARN [org.springframework.kafka.KafkaListenerEndpointContainer#0-0-C-1] o.a.k.c.NetworkClient [NetworkClient.java:671] [Consumer clientId=consumer-2, groupId=community-consumer-group] Connection to node 0 could not be established. Broker may not be available.
2022-03-12 23:52:07,033 WARN [org.springframework.kafka.KafkaListenerEndpointContainer#0-0-C-1] o.a.k.c.NetworkClient [NetworkClient.java:671] [Consumer clientId=consumer-2, groupId=community-consumer-group] Connection to node 0 could not be established. Broker may not be available.
2022-03-12 23:52:29,178 WARN [org.springframework.kafka.KafkaListenerEndpointContainer#0-0-C-1] o.a.k.c.NetworkClient [NetworkClient.java:671] [Consumer clientId=consumer-2, groupId=community-consumer-group] Connection to node 0 could not be established. Broker may not be available.
2022-03-12 23:52:51,283 WARN [org.springframework.kafka.KafkaListenerEndpointContainer#0-0-C-1] o.a.k.c.NetworkClient [NetworkClient.java:671] [Consumer clientId=consumer-2, groupId=community-consumer-group] Connection to node 0 could not be established. Broker may not be available.
2022-03-12 23:53:13,291 WARN [org.springframework.kafka.KafkaListenerEndpointContainer#0-0-C-1] o.a.k.c.NetworkClient [NetworkClient.java:671] [Consumer clientId=consumer-2, groupId=community-consumer-group] Connection to node 0 could not be established. Broker may not be available.
2022-03-12 23:53:35,503 WARN [org.springframework.kafka.KafkaListenerEndpointContainer#0-0-C-1] o.a.k.c.NetworkClient [NetworkClient.java:671] [Consumer clientId=consumer-2, groupId=community-consumer-group] Connection to node 0 could not be established. Broker may not be available.
2022-03-12 23:53:57,404 WARN [org.springframework.kafka.KafkaListenerEndpointContainer#0-0-C-1] o.a.k.c.NetworkClient [NetworkClient.java:671] [Consumer clientId=consumer-2, groupId=community-consumer-group] Connection to node 0 could not be established. Broker may not be available.
2022-03-12 23:54:19,487 WARN [org.springframework.kafka.KafkaListenerEndpointContainer#0-0-C-1] o.a.k.c.NetworkClient [NetworkClient.java:671] [Consumer clientId=consumer-2, groupId=community-consumer-group] Connection to node 0 could not be established. Broker may not be available.
2022-03-12 23:54:41,659 WARN [org.springframework.kafka.KafkaListenerEndpointContainer#0-0-C-1] o.a.k.c.NetworkClient [NetworkClient.java:671] [Consumer clientId=consumer-2, groupId=community-consumer-group] Connection to node 0 could not be established. Broker may not be available.
2022-03-12 23:55:03,947 WARN [org.springframework.kafka.KafkaListenerEndpointContainer#0-0-C-1] o.a.k.c.NetworkClient [NetworkClient.java:671] [Consumer clientId=consumer-2, groupId=community-consumer-group] Connection to node 0 could not be established. Broker may not be available.
2022-03-12 23:55:25,874 WARN [org.springframework.kafka.KafkaListenerEndpointContainer#0-0-C-1] o.a.k.c.NetworkClient [NetworkClient.java:671] [Consumer clientId=consumer-2, groupId=community-consumer-group] Connection to node 0 could not be established. Broker may not be available.
2022-03-12 23:55:47,849 WARN [org.springframework.kafka.KafkaListenerEndpointContainer#0-0-C-1] o.a.k.c.NetworkClient [NetworkClient.java:671] [Consumer clientId=consumer-2, groupId=community-consumer-group] Connection to node 0 could not be established. Broker may not be available.
2022-03-12 23:56:10,079 WARN [org.springframework.kafka.KafkaListenerEndpointContainer#0-0-C-1] o.a.k.c.NetworkClient [NetworkClient.java:671] [Consumer clientId=consumer-2, groupId=community-consumer-group] Connection to node 0 could not be established. Broker may not be available.
2022-03-12 23:56:32,177 WARN [org.springframework.kafka.KafkaListenerEndpointContainer#0-0-C-1] o.a.k.c.NetworkClient [NetworkClient.java:671] [Consumer clientId=consumer-2, groupId=community-consumer-group] Connection to node 0 could not be established. Broker may not be available.
2022-03-12 23:56:54,043 WARN [org.springframework.kafka.KafkaListenerEndpointContainer#0-0-C-1] o.a.k.c.NetworkClient [NetworkClient.java:671] [Consumer clientId=consumer-2, groupId=community-consumer-group] Connection to node 0 could not be established. Broker may not be available.
2022-03-12 23:57:15,953 WARN [org.springframework.kafka.KafkaListenerEndpointContainer#0-0-C-1] o.a.k.c.NetworkClient [NetworkClient.java:671] [Consumer clientId=consumer-2, groupId=community-consumer-group] Connection to node 0 could not be established. Broker may not be available.
2022-03-12 23:57:37,969 WARN [org.springframework.kafka.KafkaListenerEndpointContainer#0-0-C-1] o.a.k.c.NetworkClient [NetworkClient.java:671] [Consumer clientId=consumer-2, groupId=community-consumer-group] Connection to node 0 could not be established. Broker may not be available.
2022-03-12 23:58:00,011 WARN [org.springframework.kafka.KafkaListenerEndpointContainer#0-0-C-1] o.a.k.c.NetworkClient [NetworkClient.java:671] [Consumer clientId=consumer-2, groupId=community-consumer-group] Connection to node 0 could not be established. Broker may not be available.
2022-03-12 23:58:22,167 WARN [org.springframework.kafka.KafkaListenerEndpointContainer#0-0-C-1] o.a.k.c.NetworkClient [NetworkClient.java:671] [Consumer clientId=consumer-2, groupId=community-consumer-group] Connection to node 0 could not be established. Broker may not be available.
2022-03-12 23:58:44,341 WARN [org.springframework.kafka.KafkaListenerEndpointContainer#0-0-C-1] o.a.k.c.NetworkClient [NetworkClient.java:671] [Consumer clientId=consumer-2, groupId=community-consumer-group] Connection to node 0 could not be established. Broker may not be available.
2022-03-12 23:59:06,264 WARN [org.springframework.kafka.KafkaListenerEndpointContainer#0-0-C-1] o.a.k.c.NetworkClient [NetworkClient.java:671] [Consumer clientId=consumer-2, groupId=community-consumer-group] Connection to node 0 could not be established. Broker may not be available.
2022-03-12 23:59:28,172 WARN [org.springframework.kafka.KafkaListenerEndpointContainer#0-0-C-1] o.a.k.c.NetworkClient [NetworkClient.java:671] [Consumer clientId=consumer-2, groupId=community-consumer-group] Connection to node 0 could not be established. Broker may not be available.
2022-03-12 23:59:50,366 WARN [org.springframework.kafka.KafkaListenerEndpointContainer#0-0-C-1] o.a.k.c.NetworkClient [NetworkClient.java:671] [Consumer clientId=consumer-2, groupId=community-consumer-group] Connection to node 0 could not be established. Broker may not be available.
