2022-03-06 20:21:43,043 INFO [restartedMain] c.n.c.CommunityApplication [StartupInfoLogger.java:50] Starting CommunityApplication on LAPTOP-4J7FSIIV with PID 17840 (D:\JavaCode\community\target\classes started by xtma in D:\JavaCode\community)
2022-03-06 20:21:43,048 INFO [restartedMain] c.n.c.CommunityApplication [SpringApplication.java:675] No active profile set, falling back to default profiles: default
2022-03-06 20:21:43,072 INFO [restartedMain] o.s.b.d.e.DevToolsPropertyDefaultsPostProcessor [DeferredLog.java:227] Devtools property defaults active! Set 'spring.devtools.add-properties' to 'false' to disable
2022-03-06 20:21:43,072 INFO [restartedMain] o.s.b.d.e.DevToolsPropertyDefaultsPostProcessor [DeferredLog.java:227] For additional web related logging consider setting the 'logging.level.web' property to 'DEBUG'
2022-03-06 20:21:43,862 INFO [restartedMain] o.s.b.w.e.t.TomcatWebServer [TomcatWebServer.java:90] Tomcat initialized with port(s): 8080 (http)
2022-03-06 20:21:43,872 INFO [restartedMain] o.a.c.h.Http11NioProtocol [DirectJDKLog.java:173] Initializing ProtocolHandler ["http-nio-8080"]
2022-03-06 20:21:43,879 INFO [restartedMain] o.a.c.c.StandardService [DirectJDKLog.java:173] Starting service [Tomcat]
2022-03-06 20:21:43,879 INFO [restartedMain] o.a.c.c.StandardEngine [DirectJDKLog.java:173] Starting Servlet engine: [Apache Tomcat/9.0.19]
2022-03-06 20:21:43,945 INFO [restartedMain] o.a.c.c.C.[.[.[/community] [DirectJDKLog.java:173] Initializing Spring embedded WebApplicationContext
2022-03-06 20:21:43,945 INFO [restartedMain] o.s.w.c.ContextLoader [ServletWebServerApplicationContext.java:296] Root WebApplicationContext: initialization completed in 872 ms
2022-03-06 20:21:44,336 INFO [restartedMain] o.s.s.c.ThreadPoolTaskExecutor [ExecutorConfigurationSupport.java:171] Initializing ExecutorService 'applicationTaskExecutor'
2022-03-06 20:21:44,412 INFO [restartedMain] o.s.b.a.w.s.WelcomePageHandlerMapping [WelcomePageHandlerMapping.java:61] Adding welcome page template: index
2022-03-06 20:21:44,493 INFO [restartedMain] o.s.b.d.a.OptionalLiveReloadServer [OptionalLiveReloadServer.java:57] LiveReload server is running on port 35729
2022-03-06 20:21:44,513 INFO [restartedMain] o.a.c.h.Http11NioProtocol [DirectJDKLog.java:173] Starting ProtocolHandler ["http-nio-8080"]
2022-03-06 20:21:44,527 INFO [restartedMain] o.s.b.w.e.t.TomcatWebServer [TomcatWebServer.java:204] Tomcat started on port(s): 8080 (http) with context path '/community'
2022-03-06 20:21:44,530 INFO [restartedMain] c.n.c.CommunityApplication [StartupInfoLogger.java:59] Started CommunityApplication in 1.749 seconds (JVM running for 2.505)
2022-03-06 20:21:48,983 INFO [http-nio-8080-exec-1] o.a.c.c.C.[.[.[/community] [DirectJDKLog.java:173] Initializing Spring DispatcherServlet 'dispatcherServlet'
2022-03-06 20:21:48,983 INFO [http-nio-8080-exec-1] o.s.w.s.DispatcherServlet [FrameworkServlet.java:524] Initializing Servlet 'dispatcherServlet'
2022-03-06 20:21:48,988 INFO [http-nio-8080-exec-1] o.s.w.s.DispatcherServlet [FrameworkServlet.java:546] Completed initialization in 5 ms
2022-03-06 20:21:49,025 INFO [http-nio-8080-exec-1] c.z.h.HikariDataSource [HikariDataSource.java:110] HikariPool-1 - Starting...
2022-03-06 20:21:49,114 INFO [http-nio-8080-exec-1] c.z.h.HikariDataSource [HikariDataSource.java:123] HikariPool-1 - Start completed.
2022-03-06 20:58:51,397 INFO [Thread-8] o.s.s.c.ThreadPoolTaskExecutor [ExecutorConfigurationSupport.java:208] Shutting down ExecutorService 'applicationTaskExecutor'
2022-03-06 20:58:51,397 INFO [Thread-8] c.z.h.HikariDataSource [HikariDataSource.java:350] HikariPool-1 - Shutdown initiated...
2022-03-06 20:58:51,400 INFO [Thread-8] c.z.h.HikariDataSource [HikariDataSource.java:352] HikariPool-1 - Shutdown completed.
2022-03-06 22:21:41,873 INFO [restartedMain] c.n.c.CommunityApplication [StartupInfoLogger.java:50] Starting CommunityApplication on LAPTOP-4J7FSIIV with PID 24676 (D:\JavaCode\community\target\classes started by xtma in D:\JavaCode\community)
2022-03-06 22:21:41,875 INFO [restartedMain] c.n.c.CommunityApplication [SpringApplication.java:675] No active profile set, falling back to default profiles: default
2022-03-06 22:21:41,907 INFO [restartedMain] o.s.b.d.e.DevToolsPropertyDefaultsPostProcessor [DeferredLog.java:227] Devtools property defaults active! Set 'spring.devtools.add-properties' to 'false' to disable
2022-03-06 22:21:41,907 INFO [restartedMain] o.s.b.d.e.DevToolsPropertyDefaultsPostProcessor [DeferredLog.java:227] For additional web related logging consider setting the 'logging.level.web' property to 'DEBUG'
2022-03-06 22:21:42,737 INFO [restartedMain] o.s.b.w.e.t.TomcatWebServer [TomcatWebServer.java:90] Tomcat initialized with port(s): 8080 (http)
2022-03-06 22:21:42,746 INFO [restartedMain] o.a.c.h.Http11NioProtocol [DirectJDKLog.java:173] Initializing ProtocolHandler ["http-nio-8080"]
2022-03-06 22:21:42,751 INFO [restartedMain] o.a.c.c.StandardService [DirectJDKLog.java:173] Starting service [Tomcat]
2022-03-06 22:21:42,752 INFO [restartedMain] o.a.c.c.StandardEngine [DirectJDKLog.java:173] Starting Servlet engine: [Apache Tomcat/9.0.19]
2022-03-06 22:21:42,814 INFO [restartedMain] o.a.c.c.C.[.[.[/community] [DirectJDKLog.java:173] Initializing Spring embedded WebApplicationContext
2022-03-06 22:21:42,815 INFO [restartedMain] o.s.w.c.ContextLoader [ServletWebServerApplicationContext.java:296] Root WebApplicationContext: initialization completed in 907 ms
2022-03-06 22:21:43,227 INFO [restartedMain] o.s.s.c.ThreadPoolTaskExecutor [ExecutorConfigurationSupport.java:171] Initializing ExecutorService 'applicationTaskExecutor'
2022-03-06 22:21:43,294 INFO [restartedMain] o.s.b.a.w.s.WelcomePageHandlerMapping [WelcomePageHandlerMapping.java:61] Adding welcome page template: index
2022-03-06 22:21:43,387 INFO [restartedMain] o.s.b.d.a.OptionalLiveReloadServer [OptionalLiveReloadServer.java:57] LiveReload server is running on port 35729
2022-03-06 22:21:43,405 INFO [restartedMain] o.a.c.h.Http11NioProtocol [DirectJDKLog.java:173] Starting ProtocolHandler ["http-nio-8080"]
2022-03-06 22:21:43,418 INFO [restartedMain] o.s.b.w.e.t.TomcatWebServer [TomcatWebServer.java:204] Tomcat started on port(s): 8080 (http) with context path '/community'
2022-03-06 22:21:43,420 INFO [restartedMain] c.n.c.CommunityApplication [StartupInfoLogger.java:59] Started CommunityApplication in 1.85 seconds (JVM running for 2.423)
2022-03-06 22:22:45,904 INFO [http-nio-8080-exec-1] o.a.c.c.C.[.[.[/community] [DirectJDKLog.java:173] Initializing Spring DispatcherServlet 'dispatcherServlet'
2022-03-06 22:22:45,905 INFO [http-nio-8080-exec-1] o.s.w.s.DispatcherServlet [FrameworkServlet.java:524] Initializing Servlet 'dispatcherServlet'
2022-03-06 22:22:45,910 INFO [http-nio-8080-exec-1] o.s.w.s.DispatcherServlet [FrameworkServlet.java:546] Completed initialization in 5 ms
2022-03-06 22:22:45,931 INFO [http-nio-8080-exec-1] c.n.c.a.ServiceLogAspect [ServiceLogAspect.java:37] 用户[0:0:0:0:0:0:0:1],在[2022-03-06 22:22:45],访问了[com.nowcoder.community.service.DiscussPostService.findDiscussPostRows].
2022-03-06 22:22:45,949 INFO [http-nio-8080-exec-1] c.z.h.HikariDataSource [HikariDataSource.java:110] HikariPool-1 - Starting...
2022-03-06 22:22:46,018 INFO [http-nio-8080-exec-1] c.z.h.HikariDataSource [HikariDataSource.java:123] HikariPool-1 - Start completed.
2022-03-06 22:22:46,058 INFO [http-nio-8080-exec-1] c.n.c.a.ServiceLogAspect [ServiceLogAspect.java:37] 用户[0:0:0:0:0:0:0:1],在[2022-03-06 22:22:46],访问了[com.nowcoder.community.service.DiscussPostService.findDiscussPosts].
2022-03-06 22:22:46,066 INFO [http-nio-8080-exec-1] c.n.c.a.ServiceLogAspect [ServiceLogAspect.java:37] 用户[0:0:0:0:0:0:0:1],在[2022-03-06 22:22:46],访问了[com.nowcoder.community.service.UserService.findUserById].
2022-03-06 22:22:46,071 INFO [http-nio-8080-exec-1] c.n.c.a.ServiceLogAspect [ServiceLogAspect.java:37] 用户[0:0:0:0:0:0:0:1],在[2022-03-06 22:22:46],访问了[com.nowcoder.community.service.UserService.findUserById].
2022-03-06 22:22:46,074 INFO [http-nio-8080-exec-1] c.n.c.a.ServiceLogAspect [ServiceLogAspect.java:37] 用户[0:0:0:0:0:0:0:1],在[2022-03-06 22:22:46],访问了[com.nowcoder.community.service.UserService.findUserById].
2022-03-06 22:22:46,075 INFO [http-nio-8080-exec-1] c.n.c.a.ServiceLogAspect [ServiceLogAspect.java:37] 用户[0:0:0:0:0:0:0:1],在[2022-03-06 22:22:46],访问了[com.nowcoder.community.service.UserService.findUserById].
2022-03-06 22:22:46,077 INFO [http-nio-8080-exec-1] c.n.c.a.ServiceLogAspect [ServiceLogAspect.java:37] 用户[0:0:0:0:0:0:0:1],在[2022-03-06 22:22:46],访问了[com.nowcoder.community.service.UserService.findUserById].
2022-03-06 22:22:46,078 INFO [http-nio-8080-exec-1] c.n.c.a.ServiceLogAspect [ServiceLogAspect.java:37] 用户[0:0:0:0:0:0:0:1],在[2022-03-06 22:22:46],访问了[com.nowcoder.community.service.UserService.findUserById].
2022-03-06 22:22:46,080 INFO [http-nio-8080-exec-1] c.n.c.a.ServiceLogAspect [ServiceLogAspect.java:37] 用户[0:0:0:0:0:0:0:1],在[2022-03-06 22:22:46],访问了[com.nowcoder.community.service.UserService.findUserById].
2022-03-06 22:22:46,081 INFO [http-nio-8080-exec-1] c.n.c.a.ServiceLogAspect [ServiceLogAspect.java:37] 用户[0:0:0:0:0:0:0:1],在[2022-03-06 22:22:46],访问了[com.nowcoder.community.service.UserService.findUserById].
2022-03-06 22:22:46,083 INFO [http-nio-8080-exec-1] c.n.c.a.ServiceLogAspect [ServiceLogAspect.java:37] 用户[0:0:0:0:0:0:0:1],在[2022-03-06 22:22:46],访问了[com.nowcoder.community.service.UserService.findUserById].
2022-03-06 22:22:46,084 INFO [http-nio-8080-exec-1] c.n.c.a.ServiceLogAspect [ServiceLogAspect.java:37] 用户[0:0:0:0:0:0:0:1],在[2022-03-06 22:22:46],访问了[com.nowcoder.community.service.UserService.findUserById].
2022-03-06 22:23:57,580 INFO [http-nio-8080-exec-7] c.n.c.a.ServiceLogAspect [ServiceLogAspect.java:37] 用户[0:0:0:0:0:0:0:1],在[2022-03-06 22:23:57],访问了[com.nowcoder.community.service.UserService.login].
2022-03-06 22:23:57,602 INFO [http-nio-8080-exec-8] c.n.c.a.ServiceLogAspect [ServiceLogAspect.java:37] 用户[0:0:0:0:0:0:0:1],在[2022-03-06 22:23:57],访问了[com.nowcoder.community.service.UserService.findLoginTicket].
2022-03-06 22:23:57,604 INFO [http-nio-8080-exec-8] c.n.c.a.ServiceLogAspect [ServiceLogAspect.java:37] 用户[0:0:0:0:0:0:0:1],在[2022-03-06 22:23:57],访问了[com.nowcoder.community.service.UserService.findUserById].
2022-03-06 22:23:57,606 INFO [http-nio-8080-exec-8] c.n.c.a.ServiceLogAspect [ServiceLogAspect.java:37] 用户[0:0:0:0:0:0:0:1],在[2022-03-06 22:23:57],访问了[com.nowcoder.community.service.DiscussPostService.findDiscussPostRows].
2022-03-06 22:23:57,608 INFO [http-nio-8080-exec-8] c.n.c.a.ServiceLogAspect [ServiceLogAspect.java:37] 用户[0:0:0:0:0:0:0:1],在[2022-03-06 22:23:57],访问了[com.nowcoder.community.service.DiscussPostService.findDiscussPosts].
2022-03-06 22:23:57,613 INFO [http-nio-8080-exec-8] c.n.c.a.ServiceLogAspect [ServiceLogAspect.java:37] 用户[0:0:0:0:0:0:0:1],在[2022-03-06 22:23:57],访问了[com.nowcoder.community.service.UserService.findUserById].
2022-03-06 22:23:57,614 INFO [http-nio-8080-exec-8] c.n.c.a.ServiceLogAspect [ServiceLogAspect.java:37] 用户[0:0:0:0:0:0:0:1],在[2022-03-06 22:23:57],访问了[com.nowcoder.community.service.UserService.findUserById].
2022-03-06 22:23:57,616 INFO [http-nio-8080-exec-8] c.n.c.a.ServiceLogAspect [ServiceLogAspect.java:37] 用户[0:0:0:0:0:0:0:1],在[2022-03-06 22:23:57],访问了[com.nowcoder.community.service.UserService.findUserById].
2022-03-06 22:23:57,617 INFO [http-nio-8080-exec-8] c.n.c.a.ServiceLogAspect [ServiceLogAspect.java:37] 用户[0:0:0:0:0:0:0:1],在[2022-03-06 22:23:57],访问了[com.nowcoder.community.service.UserService.findUserById].
2022-03-06 22:23:57,619 INFO [http-nio-8080-exec-8] c.n.c.a.ServiceLogAspect [ServiceLogAspect.java:37] 用户[0:0:0:0:0:0:0:1],在[2022-03-06 22:23:57],访问了[com.nowcoder.community.service.UserService.findUserById].
2022-03-06 22:23:57,620 INFO [http-nio-8080-exec-8] c.n.c.a.ServiceLogAspect [ServiceLogAspect.java:37] 用户[0:0:0:0:0:0:0:1],在[2022-03-06 22:23:57],访问了[com.nowcoder.community.service.UserService.findUserById].
2022-03-06 22:23:57,621 INFO [http-nio-8080-exec-8] c.n.c.a.ServiceLogAspect [ServiceLogAspect.java:37] 用户[0:0:0:0:0:0:0:1],在[2022-03-06 22:23:57],访问了[com.nowcoder.community.service.UserService.findUserById].
2022-03-06 22:23:57,622 INFO [http-nio-8080-exec-8] c.n.c.a.ServiceLogAspect [ServiceLogAspect.java:37] 用户[0:0:0:0:0:0:0:1],在[2022-03-06 22:23:57],访问了[com.nowcoder.community.service.UserService.findUserById].
2022-03-06 22:23:57,624 INFO [http-nio-8080-exec-8] c.n.c.a.ServiceLogAspect [ServiceLogAspect.java:37] 用户[0:0:0:0:0:0:0:1],在[2022-03-06 22:23:57],访问了[com.nowcoder.community.service.UserService.findUserById].
2022-03-06 22:23:57,624 INFO [http-nio-8080-exec-8] c.n.c.a.ServiceLogAspect [ServiceLogAspect.java:37] 用户[0:0:0:0:0:0:0:1],在[2022-03-06 22:23:57],访问了[com.nowcoder.community.service.UserService.findUserById].
2022-03-06 22:33:47,707 INFO [Thread-8] o.s.s.c.ThreadPoolTaskExecutor [ExecutorConfigurationSupport.java:208] Shutting down ExecutorService 'applicationTaskExecutor'
2022-03-06 22:33:47,707 INFO [Thread-8] c.z.h.HikariDataSource [HikariDataSource.java:350] HikariPool-1 - Shutdown initiated...
2022-03-06 22:33:47,711 INFO [Thread-8] c.z.h.HikariDataSource [HikariDataSource.java:352] HikariPool-1 - Shutdown completed.
