2022-03-08 17:13:25,906 INFO [restartedMain] c.n.c.CommunityApplication [StartupInfoLogger.java:50] Starting CommunityApplication on LAPTOP-4J7FSIIV with PID 5068 (D:\JavaCode\community\target\classes started by xtma in D:\JavaCode\community)
2022-03-08 17:13:25,912 INFO [restartedMain] c.n.c.CommunityApplication [SpringApplication.java:675] No active profile set, falling back to default profiles: default
2022-03-08 17:13:25,957 INFO [restartedMain] o.s.b.d.e.DevToolsPropertyDefaultsPostProcessor [DeferredLog.java:227] Devtools property defaults active! Set 'spring.devtools.add-properties' to 'false' to disable
2022-03-08 17:13:25,958 INFO [restartedMain] o.s.b.d.e.DevToolsPropertyDefaultsPostProcessor [DeferredLog.java:227] For additional web related logging consider setting the 'logging.level.web' property to 'DEBUG'
2022-03-08 17:13:26,511 INFO [restartedMain] o.s.d.r.c.RepositoryConfigurationDelegate [RepositoryConfigurationDelegate.java:244] Multiple Spring Data modules found, entering strict repository configuration mode!
2022-03-08 17:13:26,512 INFO [restartedMain] o.s.d.r.c.RepositoryConfigurationDelegate [RepositoryConfigurationDelegate.java:126] Bootstrapping Spring Data repositories in DEFAULT mode.
2022-03-08 17:13:26,533 INFO [restartedMain] o.s.d.r.c.RepositoryConfigurationDelegate [RepositoryConfigurationDelegate.java:182] Finished Spring Data repository scanning in 8ms. Found 0 repository interfaces.
2022-03-08 17:13:26,791 INFO [restartedMain] o.s.c.s.PostProcessorRegistrationDelegate$BeanPostProcessorChecker [PostProcessorRegistrationDelegate.java:330] Bean 'org.springframework.transaction.annotation.ProxyTransactionManagementConfiguration' of type [org.springframework.transaction.annotation.ProxyTransactionManagementConfiguration$$EnhancerBySpringCGLIB$$3d80c9b2] is not eligible for getting processed by all BeanPostProcessors (for example: not eligible for auto-proxying)
2022-03-08 17:13:27,128 INFO [restartedMain] o.s.b.w.e.t.TomcatWebServer [TomcatWebServer.java:90] Tomcat initialized with port(s): 8080 (http)
2022-03-08 17:13:27,140 INFO [restartedMain] o.a.c.h.Http11NioProtocol [DirectJDKLog.java:173] Initializing ProtocolHandler ["http-nio-8080"]
2022-03-08 17:13:27,147 INFO [restartedMain] o.a.c.c.StandardService [DirectJDKLog.java:173] Starting service [Tomcat]
2022-03-08 17:13:27,148 INFO [restartedMain] o.a.c.c.StandardEngine [DirectJDKLog.java:173] Starting Servlet engine: [Apache Tomcat/9.0.19]
2022-03-08 17:13:27,221 INFO [restartedMain] o.a.c.c.C.[.[.[/community] [DirectJDKLog.java:173] Initializing Spring embedded WebApplicationContext
2022-03-08 17:13:27,221 INFO [restartedMain] o.s.w.c.ContextLoader [ServletWebServerApplicationContext.java:296] Root WebApplicationContext: initialization completed in 1263 ms
2022-03-08 17:13:27,978 INFO [restartedMain] o.s.s.c.ThreadPoolTaskExecutor [ExecutorConfigurationSupport.java:171] Initializing ExecutorService 'applicationTaskExecutor'
2022-03-08 17:13:28,061 INFO [restartedMain] o.s.b.a.w.s.WelcomePageHandlerMapping [WelcomePageHandlerMapping.java:61] Adding welcome page template: index
2022-03-08 17:13:28,272 INFO [restartedMain] o.s.b.d.a.OptionalLiveReloadServer [OptionalLiveReloadServer.java:57] LiveReload server is running on port 35729
2022-03-08 17:13:28,306 INFO [restartedMain] o.a.c.h.Http11NioProtocol [DirectJDKLog.java:173] Starting ProtocolHandler ["http-nio-8080"]
2022-03-08 17:13:28,322 INFO [restartedMain] o.s.b.w.e.t.TomcatWebServer [TomcatWebServer.java:204] Tomcat started on port(s): 8080 (http) with context path '/community'
2022-03-08 17:13:28,325 INFO [restartedMain] c.n.c.CommunityApplication [StartupInfoLogger.java:59] Started CommunityApplication in 2.752 seconds (JVM running for 3.529)
2022-03-08 17:13:28,351 INFO [http-nio-8080-exec-1] o.a.c.c.C.[.[.[/community] [DirectJDKLog.java:173] Initializing Spring DispatcherServlet 'dispatcherServlet'
2022-03-08 17:13:28,351 INFO [http-nio-8080-exec-1] o.s.w.s.DispatcherServlet [FrameworkServlet.java:524] Initializing Servlet 'dispatcherServlet'
2022-03-08 17:13:28,357 INFO [http-nio-8080-exec-1] o.s.w.s.DispatcherServlet [FrameworkServlet.java:546] Completed initialization in 6 ms
2022-03-08 17:13:28,382 INFO [http-nio-8080-exec-1] c.n.c.a.ServiceLogAspect [ServiceLogAspect.java:38] 用户[127.0.0.1],在[2022-03-08 17:13:28],访问了[com.nowcoder.community.service.DiscussPostService.findDiscussPostRows].
2022-03-08 17:13:28,407 INFO [http-nio-8080-exec-1] c.z.h.HikariDataSource [HikariDataSource.java:110] HikariPool-1 - Starting...
2022-03-08 17:13:28,510 INFO [http-nio-8080-exec-1] c.z.h.HikariDataSource [HikariDataSource.java:123] HikariPool-1 - Start completed.
2022-03-08 17:13:28,557 INFO [http-nio-8080-exec-1] c.n.c.a.ServiceLogAspect [ServiceLogAspect.java:38] 用户[127.0.0.1],在[2022-03-08 17:13:28],访问了[com.nowcoder.community.service.DiscussPostService.findDiscussPosts].
2022-03-08 17:13:28,570 INFO [http-nio-8080-exec-1] c.n.c.a.ServiceLogAspect [ServiceLogAspect.java:38] 用户[127.0.0.1],在[2022-03-08 17:13:28],访问了[com.nowcoder.community.service.UserService.findUserById].
2022-03-08 17:13:28,577 INFO [http-nio-8080-exec-1] c.n.c.a.ServiceLogAspect [ServiceLogAspect.java:38] 用户[127.0.0.1],在[2022-03-08 17:13:28],访问了[com.nowcoder.community.service.LikeService.findEntityLikeCount].
2022-03-08 17:13:28,665 INFO [http-nio-8080-exec-1] i.l.c.EpollProvider [EpollProvider.java:68] Starting without optional epoll library
2022-03-08 17:13:28,666 INFO [http-nio-8080-exec-1] i.l.c.KqueueProvider [KqueueProvider.java:70] Starting without optional kqueue library
2022-03-08 17:13:29,083 INFO [http-nio-8080-exec-1] c.n.c.a.ServiceLogAspect [ServiceLogAspect.java:38] 用户[127.0.0.1],在[2022-03-08 17:13:29],访问了[com.nowcoder.community.service.UserService.findUserById].
2022-03-08 17:13:29,088 INFO [http-nio-8080-exec-1] c.n.c.a.ServiceLogAspect [ServiceLogAspect.java:38] 用户[127.0.0.1],在[2022-03-08 17:13:29],访问了[com.nowcoder.community.service.LikeService.findEntityLikeCount].
2022-03-08 17:13:29,090 INFO [http-nio-8080-exec-1] c.n.c.a.ServiceLogAspect [ServiceLogAspect.java:38] 用户[127.0.0.1],在[2022-03-08 17:13:29],访问了[com.nowcoder.community.service.UserService.findUserById].
2022-03-08 17:13:29,092 INFO [http-nio-8080-exec-1] c.n.c.a.ServiceLogAspect [ServiceLogAspect.java:38] 用户[127.0.0.1],在[2022-03-08 17:13:29],访问了[com.nowcoder.community.service.LikeService.findEntityLikeCount].
2022-03-08 17:13:29,094 INFO [http-nio-8080-exec-1] c.n.c.a.ServiceLogAspect [ServiceLogAspect.java:38] 用户[127.0.0.1],在[2022-03-08 17:13:29],访问了[com.nowcoder.community.service.UserService.findUserById].
2022-03-08 17:13:29,097 INFO [http-nio-8080-exec-1] c.n.c.a.ServiceLogAspect [ServiceLogAspect.java:38] 用户[127.0.0.1],在[2022-03-08 17:13:29],访问了[com.nowcoder.community.service.LikeService.findEntityLikeCount].
2022-03-08 17:13:29,099 INFO [http-nio-8080-exec-1] c.n.c.a.ServiceLogAspect [ServiceLogAspect.java:38] 用户[127.0.0.1],在[2022-03-08 17:13:29],访问了[com.nowcoder.community.service.UserService.findUserById].
2022-03-08 17:13:29,101 INFO [http-nio-8080-exec-1] c.n.c.a.ServiceLogAspect [ServiceLogAspect.java:38] 用户[127.0.0.1],在[2022-03-08 17:13:29],访问了[com.nowcoder.community.service.LikeService.findEntityLikeCount].
2022-03-08 17:13:29,102 INFO [http-nio-8080-exec-1] c.n.c.a.ServiceLogAspect [ServiceLogAspect.java:38] 用户[127.0.0.1],在[2022-03-08 17:13:29],访问了[com.nowcoder.community.service.UserService.findUserById].
2022-03-08 17:13:29,105 INFO [http-nio-8080-exec-1] c.n.c.a.ServiceLogAspect [ServiceLogAspect.java:38] 用户[127.0.0.1],在[2022-03-08 17:13:29],访问了[com.nowcoder.community.service.LikeService.findEntityLikeCount].
2022-03-08 17:13:29,107 INFO [http-nio-8080-exec-1] c.n.c.a.ServiceLogAspect [ServiceLogAspect.java:38] 用户[127.0.0.1],在[2022-03-08 17:13:29],访问了[com.nowcoder.community.service.UserService.findUserById].
2022-03-08 17:13:29,110 INFO [http-nio-8080-exec-1] c.n.c.a.ServiceLogAspect [ServiceLogAspect.java:38] 用户[127.0.0.1],在[2022-03-08 17:13:29],访问了[com.nowcoder.community.service.LikeService.findEntityLikeCount].
2022-03-08 17:13:29,111 INFO [http-nio-8080-exec-1] c.n.c.a.ServiceLogAspect [ServiceLogAspect.java:38] 用户[127.0.0.1],在[2022-03-08 17:13:29],访问了[com.nowcoder.community.service.UserService.findUserById].
2022-03-08 17:13:29,113 INFO [http-nio-8080-exec-1] c.n.c.a.ServiceLogAspect [ServiceLogAspect.java:38] 用户[127.0.0.1],在[2022-03-08 17:13:29],访问了[com.nowcoder.community.service.LikeService.findEntityLikeCount].
2022-03-08 17:13:29,114 INFO [http-nio-8080-exec-1] c.n.c.a.ServiceLogAspect [ServiceLogAspect.java:38] 用户[127.0.0.1],在[2022-03-08 17:13:29],访问了[com.nowcoder.community.service.UserService.findUserById].
2022-03-08 17:13:29,117 INFO [http-nio-8080-exec-1] c.n.c.a.ServiceLogAspect [ServiceLogAspect.java:38] 用户[127.0.0.1],在[2022-03-08 17:13:29],访问了[com.nowcoder.community.service.LikeService.findEntityLikeCount].
2022-03-08 17:13:29,120 INFO [http-nio-8080-exec-1] c.n.c.a.ServiceLogAspect [ServiceLogAspect.java:38] 用户[127.0.0.1],在[2022-03-08 17:13:29],访问了[com.nowcoder.community.service.UserService.findUserById].
2022-03-08 17:13:29,122 INFO [http-nio-8080-exec-1] c.n.c.a.ServiceLogAspect [ServiceLogAspect.java:38] 用户[127.0.0.1],在[2022-03-08 17:13:29],访问了[com.nowcoder.community.service.LikeService.findEntityLikeCount].
2022-03-08 17:14:56,080 INFO [http-nio-8080-exec-8] c.n.c.a.ServiceLogAspect [ServiceLogAspect.java:38] 用户[0:0:0:0:0:0:0:1],在[2022-03-08 17:14:56],访问了[com.nowcoder.community.service.UserService.findUserById].
2022-03-08 17:14:56,084 INFO [http-nio-8080-exec-8] c.n.c.a.ServiceLogAspect [ServiceLogAspect.java:38] 用户[0:0:0:0:0:0:0:1],在[2022-03-08 17:14:56],访问了[com.nowcoder.community.service.LikeService.findUserLikeCount].
2022-03-08 17:14:58,257 INFO [http-nio-8080-exec-2] c.n.c.a.ServiceLogAspect [ServiceLogAspect.java:38] 用户[0:0:0:0:0:0:0:1],在[2022-03-08 17:14:58],访问了[com.nowcoder.community.service.UserService.findUserById].
2022-03-08 17:14:58,259 INFO [http-nio-8080-exec-2] c.n.c.a.ServiceLogAspect [ServiceLogAspect.java:38] 用户[0:0:0:0:0:0:0:1],在[2022-03-08 17:14:58],访问了[com.nowcoder.community.service.LikeService.findUserLikeCount].
2022-03-08 17:15:00,159 INFO [http-nio-8080-exec-7] c.n.c.a.ServiceLogAspect [ServiceLogAspect.java:38] 用户[0:0:0:0:0:0:0:1],在[2022-03-08 17:15:00],访问了[com.nowcoder.community.service.UserService.findUserById].
2022-03-08 17:15:00,163 INFO [http-nio-8080-exec-7] c.n.c.a.ServiceLogAspect [ServiceLogAspect.java:38] 用户[0:0:0:0:0:0:0:1],在[2022-03-08 17:15:00],访问了[com.nowcoder.community.service.LikeService.findUserLikeCount].
2022-03-08 17:27:14,326 INFO [Thread-5] o.s.s.c.ThreadPoolTaskExecutor [ExecutorConfigurationSupport.java:208] Shutting down ExecutorService 'applicationTaskExecutor'
2022-03-08 17:27:15,455 INFO [Thread-5] c.z.h.HikariDataSource [HikariDataSource.java:350] HikariPool-1 - Shutdown initiated...
2022-03-08 17:27:15,460 INFO [Thread-5] c.z.h.HikariDataSource [HikariDataSource.java:352] HikariPool-1 - Shutdown completed.
2022-03-08 17:27:15,657 INFO [restartedMain] c.n.c.CommunityApplication [StartupInfoLogger.java:50] Starting CommunityApplication on LAPTOP-4J7FSIIV with PID 5068 (D:\JavaCode\community\target\classes started by xtma in D:\JavaCode\community)
2022-03-08 17:27:15,657 INFO [restartedMain] c.n.c.CommunityApplication [SpringApplication.java:675] No active profile set, falling back to default profiles: default
2022-03-08 17:27:15,796 INFO [restartedMain] o.s.d.r.c.RepositoryConfigurationDelegate [RepositoryConfigurationDelegate.java:244] Multiple Spring Data modules found, entering strict repository configuration mode!
2022-03-08 17:27:15,796 INFO [restartedMain] o.s.d.r.c.RepositoryConfigurationDelegate [RepositoryConfigurationDelegate.java:126] Bootstrapping Spring Data repositories in DEFAULT mode.
2022-03-08 17:27:15,802 INFO [restartedMain] o.s.d.r.c.RepositoryConfigurationDelegate [RepositoryConfigurationDelegate.java:182] Finished Spring Data repository scanning in 4ms. Found 0 repository interfaces.
2022-03-08 17:27:15,839 INFO [restartedMain] o.s.c.s.PostProcessorRegistrationDelegate$BeanPostProcessorChecker [PostProcessorRegistrationDelegate.java:330] Bean 'org.springframework.transaction.annotation.ProxyTransactionManagementConfiguration' of type [org.springframework.transaction.annotation.ProxyTransactionManagementConfiguration$$EnhancerBySpringCGLIB$$3d80c9b2] is not eligible for getting processed by all BeanPostProcessors (for example: not eligible for auto-proxying)
2022-03-08 17:27:15,886 INFO [restartedMain] o.s.b.w.e.t.TomcatWebServer [TomcatWebServer.java:90] Tomcat initialized with port(s): 8080 (http)
2022-03-08 17:27:15,887 INFO [restartedMain] o.a.c.h.Http11NioProtocol [DirectJDKLog.java:173] Initializing ProtocolHandler ["http-nio-8080"]
2022-03-08 17:27:15,887 INFO [restartedMain] o.a.c.c.StandardService [DirectJDKLog.java:173] Starting service [Tomcat]
2022-03-08 17:27:15,887 INFO [restartedMain] o.a.c.c.StandardEngine [DirectJDKLog.java:173] Starting Servlet engine: [Apache Tomcat/9.0.19]
2022-03-08 17:27:15,910 INFO [restartedMain] o.a.c.c.C.[.[.[/community] [DirectJDKLog.java:173] Initializing Spring embedded WebApplicationContext
2022-03-08 17:27:15,910 INFO [restartedMain] o.s.w.c.ContextLoader [ServletWebServerApplicationContext.java:296] Root WebApplicationContext: initialization completed in 252 ms
2022-03-08 17:27:16,132 INFO [restartedMain] o.s.s.c.ThreadPoolTaskExecutor [ExecutorConfigurationSupport.java:171] Initializing ExecutorService 'applicationTaskExecutor'
2022-03-08 17:27:16,168 INFO [restartedMain] o.s.b.a.w.s.WelcomePageHandlerMapping [WelcomePageHandlerMapping.java:61] Adding welcome page template: index
2022-03-08 17:27:16,251 INFO [restartedMain] o.s.b.d.a.OptionalLiveReloadServer [OptionalLiveReloadServer.java:57] LiveReload server is running on port 35729
2022-03-08 17:27:16,260 INFO [restartedMain] o.a.c.h.Http11NioProtocol [DirectJDKLog.java:173] Starting ProtocolHandler ["http-nio-8080"]
2022-03-08 17:27:16,264 INFO [restartedMain] o.s.b.w.e.t.TomcatWebServer [TomcatWebServer.java:204] Tomcat started on port(s): 8080 (http) with context path '/community'
2022-03-08 17:27:16,265 INFO [restartedMain] c.n.c.CommunityApplication [StartupInfoLogger.java:59] Started CommunityApplication in 0.63 seconds (JVM running for 831.469)
2022-03-08 17:27:16,266 INFO [restartedMain] o.s.b.d.a.ConditionEvaluationDeltaLoggingListener [ConditionEvaluationDeltaLoggingListener.java:70] Condition evaluation unchanged
2022-03-08 17:27:18,547 INFO [http-nio-8080-exec-1] o.a.c.c.C.[.[.[/community] [DirectJDKLog.java:173] Initializing Spring DispatcherServlet 'dispatcherServlet'
2022-03-08 17:27:18,548 INFO [http-nio-8080-exec-1] o.s.w.s.DispatcherServlet [FrameworkServlet.java:524] Initializing Servlet 'dispatcherServlet'
2022-03-08 17:27:18,552 INFO [http-nio-8080-exec-1] o.s.w.s.DispatcherServlet [FrameworkServlet.java:546] Completed initialization in 4 ms
2022-03-08 17:27:18,554 INFO [http-nio-8080-exec-1] c.n.c.a.ServiceLogAspect [ServiceLogAspect.java:38] 用户[0:0:0:0:0:0:0:1],在[2022-03-08 17:27:18],访问了[com.nowcoder.community.service.DiscussPostService.findDiscussPostRows].
2022-03-08 17:27:18,557 INFO [http-nio-8080-exec-1] c.z.h.HikariDataSource [HikariDataSource.java:110] HikariPool-2 - Starting...
2022-03-08 17:27:18,563 INFO [http-nio-8080-exec-1] c.z.h.HikariDataSource [HikariDataSource.java:123] HikariPool-2 - Start completed.
2022-03-08 17:27:18,566 INFO [http-nio-8080-exec-1] c.n.c.a.ServiceLogAspect [ServiceLogAspect.java:38] 用户[0:0:0:0:0:0:0:1],在[2022-03-08 17:27:18],访问了[com.nowcoder.community.service.DiscussPostService.findDiscussPosts].
2022-03-08 17:27:18,570 INFO [http-nio-8080-exec-1] c.n.c.a.ServiceLogAspect [ServiceLogAspect.java:38] 用户[0:0:0:0:0:0:0:1],在[2022-03-08 17:27:18],访问了[com.nowcoder.community.service.UserService.findUserById].
2022-03-08 17:27:18,574 INFO [http-nio-8080-exec-1] c.n.c.a.ServiceLogAspect [ServiceLogAspect.java:38] 用户[0:0:0:0:0:0:0:1],在[2022-03-08 17:27:18],访问了[com.nowcoder.community.service.LikeService.findEntityLikeCount].
2022-03-08 17:27:18,584 INFO [http-nio-8080-exec-1] c.n.c.a.ServiceLogAspect [ServiceLogAspect.java:38] 用户[0:0:0:0:0:0:0:1],在[2022-03-08 17:27:18],访问了[com.nowcoder.community.service.UserService.findUserById].
2022-03-08 17:27:18,586 INFO [http-nio-8080-exec-1] c.n.c.a.ServiceLogAspect [ServiceLogAspect.java:38] 用户[0:0:0:0:0:0:0:1],在[2022-03-08 17:27:18],访问了[com.nowcoder.community.service.LikeService.findEntityLikeCount].
2022-03-08 17:27:18,588 INFO [http-nio-8080-exec-1] c.n.c.a.ServiceLogAspect [ServiceLogAspect.java:38] 用户[0:0:0:0:0:0:0:1],在[2022-03-08 17:27:18],访问了[com.nowcoder.community.service.UserService.findUserById].
2022-03-08 17:27:18,589 INFO [http-nio-8080-exec-1] c.n.c.a.ServiceLogAspect [ServiceLogAspect.java:38] 用户[0:0:0:0:0:0:0:1],在[2022-03-08 17:27:18],访问了[com.nowcoder.community.service.LikeService.findEntityLikeCount].
2022-03-08 17:27:18,590 INFO [http-nio-8080-exec-1] c.n.c.a.ServiceLogAspect [ServiceLogAspect.java:38] 用户[0:0:0:0:0:0:0:1],在[2022-03-08 17:27:18],访问了[com.nowcoder.community.service.UserService.findUserById].
2022-03-08 17:27:18,591 INFO [http-nio-8080-exec-1] c.n.c.a.ServiceLogAspect [ServiceLogAspect.java:38] 用户[0:0:0:0:0:0:0:1],在[2022-03-08 17:27:18],访问了[com.nowcoder.community.service.LikeService.findEntityLikeCount].
2022-03-08 17:27:18,592 INFO [http-nio-8080-exec-1] c.n.c.a.ServiceLogAspect [ServiceLogAspect.java:38] 用户[0:0:0:0:0:0:0:1],在[2022-03-08 17:27:18],访问了[com.nowcoder.community.service.UserService.findUserById].
2022-03-08 17:27:18,593 INFO [http-nio-8080-exec-1] c.n.c.a.ServiceLogAspect [ServiceLogAspect.java:38] 用户[0:0:0:0:0:0:0:1],在[2022-03-08 17:27:18],访问了[com.nowcoder.community.service.LikeService.findEntityLikeCount].
2022-03-08 17:27:18,594 INFO [http-nio-8080-exec-1] c.n.c.a.ServiceLogAspect [ServiceLogAspect.java:38] 用户[0:0:0:0:0:0:0:1],在[2022-03-08 17:27:18],访问了[com.nowcoder.community.service.UserService.findUserById].
2022-03-08 17:27:18,595 INFO [http-nio-8080-exec-1] c.n.c.a.ServiceLogAspect [ServiceLogAspect.java:38] 用户[0:0:0:0:0:0:0:1],在[2022-03-08 17:27:18],访问了[com.nowcoder.community.service.LikeService.findEntityLikeCount].
2022-03-08 17:27:18,597 INFO [http-nio-8080-exec-1] c.n.c.a.ServiceLogAspect [ServiceLogAspect.java:38] 用户[0:0:0:0:0:0:0:1],在[2022-03-08 17:27:18],访问了[com.nowcoder.community.service.UserService.findUserById].
2022-03-08 17:27:18,598 INFO [http-nio-8080-exec-1] c.n.c.a.ServiceLogAspect [ServiceLogAspect.java:38] 用户[0:0:0:0:0:0:0:1],在[2022-03-08 17:27:18],访问了[com.nowcoder.community.service.LikeService.findEntityLikeCount].
2022-03-08 17:27:18,599 INFO [http-nio-8080-exec-1] c.n.c.a.ServiceLogAspect [ServiceLogAspect.java:38] 用户[0:0:0:0:0:0:0:1],在[2022-03-08 17:27:18],访问了[com.nowcoder.community.service.UserService.findUserById].
2022-03-08 17:27:18,600 INFO [http-nio-8080-exec-1] c.n.c.a.ServiceLogAspect [ServiceLogAspect.java:38] 用户[0:0:0:0:0:0:0:1],在[2022-03-08 17:27:18],访问了[com.nowcoder.community.service.LikeService.findEntityLikeCount].
2022-03-08 17:27:18,601 INFO [http-nio-8080-exec-1] c.n.c.a.ServiceLogAspect [ServiceLogAspect.java:38] 用户[0:0:0:0:0:0:0:1],在[2022-03-08 17:27:18],访问了[com.nowcoder.community.service.UserService.findUserById].
2022-03-08 17:27:18,602 INFO [http-nio-8080-exec-1] c.n.c.a.ServiceLogAspect [ServiceLogAspect.java:38] 用户[0:0:0:0:0:0:0:1],在[2022-03-08 17:27:18],访问了[com.nowcoder.community.service.LikeService.findEntityLikeCount].
2022-03-08 17:27:18,603 INFO [http-nio-8080-exec-1] c.n.c.a.ServiceLogAspect [ServiceLogAspect.java:38] 用户[0:0:0:0:0:0:0:1],在[2022-03-08 17:27:18],访问了[com.nowcoder.community.service.UserService.findUserById].
2022-03-08 17:27:18,604 INFO [http-nio-8080-exec-1] c.n.c.a.ServiceLogAspect [ServiceLogAspect.java:38] 用户[0:0:0:0:0:0:0:1],在[2022-03-08 17:27:18],访问了[com.nowcoder.community.service.LikeService.findEntityLikeCount].
2022-03-08 17:27:20,614 INFO [http-nio-8080-exec-6] c.n.c.a.ServiceLogAspect [ServiceLogAspect.java:38] 用户[0:0:0:0:0:0:0:1],在[2022-03-08 17:27:20],访问了[com.nowcoder.community.service.UserService.findUserById].
2022-03-08 17:27:20,617 INFO [http-nio-8080-exec-6] c.n.c.a.ServiceLogAspect [ServiceLogAspect.java:38] 用户[0:0:0:0:0:0:0:1],在[2022-03-08 17:27:20],访问了[com.nowcoder.community.service.LikeService.findUserLikeCount].
2022-03-08 17:27:20,618 INFO [http-nio-8080-exec-6] c.n.c.a.ServiceLogAspect [ServiceLogAspect.java:38] 用户[0:0:0:0:0:0:0:1],在[2022-03-08 17:27:20],访问了[com.nowcoder.community.service.FollowService.findFolloweeCount].
2022-03-08 17:27:20,623 INFO [http-nio-8080-exec-6] c.n.c.a.ServiceLogAspect [ServiceLogAspect.java:38] 用户[0:0:0:0:0:0:0:1],在[2022-03-08 17:27:20],访问了[com.nowcoder.community.service.FollowService.findFollowerCount].
2022-03-08 17:27:23,131 INFO [http-nio-8080-exec-1] c.n.c.a.ServiceLogAspect [ServiceLogAspect.java:38] 用户[0:0:0:0:0:0:0:1],在[2022-03-08 17:27:23],访问了[com.nowcoder.community.service.UserService.findUserById].
2022-03-08 17:27:23,133 INFO [http-nio-8080-exec-1] c.n.c.a.ServiceLogAspect [ServiceLogAspect.java:38] 用户[0:0:0:0:0:0:0:1],在[2022-03-08 17:27:23],访问了[com.nowcoder.community.service.LikeService.findUserLikeCount].
2022-03-08 17:27:23,135 INFO [http-nio-8080-exec-1] c.n.c.a.ServiceLogAspect [ServiceLogAspect.java:38] 用户[0:0:0:0:0:0:0:1],在[2022-03-08 17:27:23],访问了[com.nowcoder.community.service.FollowService.findFolloweeCount].
2022-03-08 17:27:23,136 INFO [http-nio-8080-exec-1] c.n.c.a.ServiceLogAspect [ServiceLogAspect.java:38] 用户[0:0:0:0:0:0:0:1],在[2022-03-08 17:27:23],访问了[com.nowcoder.community.service.FollowService.findFollowerCount].
2022-03-08 17:27:33,159 INFO [http-nio-8080-exec-5] c.n.c.a.ServiceLogAspect [ServiceLogAspect.java:38] 用户[0:0:0:0:0:0:0:1],在[2022-03-08 17:27:33],访问了[com.nowcoder.community.service.UserService.findUserById].
2022-03-08 17:27:33,161 INFO [http-nio-8080-exec-5] c.n.c.a.ServiceLogAspect [ServiceLogAspect.java:38] 用户[0:0:0:0:0:0:0:1],在[2022-03-08 17:27:33],访问了[com.nowcoder.community.service.LikeService.findUserLikeCount].
2022-03-08 17:27:33,162 INFO [http-nio-8080-exec-5] c.n.c.a.ServiceLogAspect [ServiceLogAspect.java:38] 用户[0:0:0:0:0:0:0:1],在[2022-03-08 17:27:33],访问了[com.nowcoder.community.service.FollowService.findFolloweeCount].
2022-03-08 17:27:33,163 INFO [http-nio-8080-exec-5] c.n.c.a.ServiceLogAspect [ServiceLogAspect.java:38] 用户[0:0:0:0:0:0:0:1],在[2022-03-08 17:27:33],访问了[com.nowcoder.community.service.FollowService.findFollowerCount].
2022-03-08 17:27:43,972 INFO [http-nio-8080-exec-4] c.n.c.a.ServiceLogAspect [ServiceLogAspect.java:38] 用户[0:0:0:0:0:0:0:1],在[2022-03-08 17:27:43],访问了[com.nowcoder.community.service.UserService.login].
2022-03-08 17:27:43,992 INFO [http-nio-8080-exec-5] c.n.c.a.ServiceLogAspect [ServiceLogAspect.java:38] 用户[0:0:0:0:0:0:0:1],在[2022-03-08 17:27:43],访问了[com.nowcoder.community.service.UserService.findLoginTicket].
2022-03-08 17:27:43,995 INFO [http-nio-8080-exec-5] c.n.c.a.ServiceLogAspect [ServiceLogAspect.java:38] 用户[0:0:0:0:0:0:0:1],在[2022-03-08 17:27:43],访问了[com.nowcoder.community.service.UserService.findUserById].
2022-03-08 17:27:43,997 INFO [http-nio-8080-exec-5] c.n.c.a.ServiceLogAspect [ServiceLogAspect.java:38] 用户[0:0:0:0:0:0:0:1],在[2022-03-08 17:27:43],访问了[com.nowcoder.community.service.DiscussPostService.findDiscussPostRows].
2022-03-08 17:27:43,998 INFO [http-nio-8080-exec-5] c.n.c.a.ServiceLogAspect [ServiceLogAspect.java:38] 用户[0:0:0:0:0:0:0:1],在[2022-03-08 17:27:43],访问了[com.nowcoder.community.service.DiscussPostService.findDiscussPosts].
2022-03-08 17:27:44,002 INFO [http-nio-8080-exec-5] c.n.c.a.ServiceLogAspect [ServiceLogAspect.java:38] 用户[0:0:0:0:0:0:0:1],在[2022-03-08 17:27:44],访问了[com.nowcoder.community.service.UserService.findUserById].
2022-03-08 17:27:44,004 INFO [http-nio-8080-exec-5] c.n.c.a.ServiceLogAspect [ServiceLogAspect.java:38] 用户[0:0:0:0:0:0:0:1],在[2022-03-08 17:27:44],访问了[com.nowcoder.community.service.LikeService.findEntityLikeCount].
2022-03-08 17:27:44,004 INFO [http-nio-8080-exec-5] c.n.c.a.ServiceLogAspect [ServiceLogAspect.java:38] 用户[0:0:0:0:0:0:0:1],在[2022-03-08 17:27:44],访问了[com.nowcoder.community.service.UserService.findUserById].
2022-03-08 17:27:44,006 INFO [http-nio-8080-exec-5] c.n.c.a.ServiceLogAspect [ServiceLogAspect.java:38] 用户[0:0:0:0:0:0:0:1],在[2022-03-08 17:27:44],访问了[com.nowcoder.community.service.LikeService.findEntityLikeCount].
2022-03-08 17:27:44,007 INFO [http-nio-8080-exec-5] c.n.c.a.ServiceLogAspect [ServiceLogAspect.java:38] 用户[0:0:0:0:0:0:0:1],在[2022-03-08 17:27:44],访问了[com.nowcoder.community.service.UserService.findUserById].
2022-03-08 17:27:44,008 INFO [http-nio-8080-exec-5] c.n.c.a.ServiceLogAspect [ServiceLogAspect.java:38] 用户[0:0:0:0:0:0:0:1],在[2022-03-08 17:27:44],访问了[com.nowcoder.community.service.LikeService.findEntityLikeCount].
2022-03-08 17:27:44,009 INFO [http-nio-8080-exec-5] c.n.c.a.ServiceLogAspect [ServiceLogAspect.java:38] 用户[0:0:0:0:0:0:0:1],在[2022-03-08 17:27:44],访问了[com.nowcoder.community.service.UserService.findUserById].
2022-03-08 17:27:44,010 INFO [http-nio-8080-exec-5] c.n.c.a.ServiceLogAspect [ServiceLogAspect.java:38] 用户[0:0:0:0:0:0:0:1],在[2022-03-08 17:27:44],访问了[com.nowcoder.community.service.LikeService.findEntityLikeCount].
2022-03-08 17:27:44,011 INFO [http-nio-8080-exec-5] c.n.c.a.ServiceLogAspect [ServiceLogAspect.java:38] 用户[0:0:0:0:0:0:0:1],在[2022-03-08 17:27:44],访问了[com.nowcoder.community.service.UserService.findUserById].
2022-03-08 17:27:44,012 INFO [http-nio-8080-exec-5] c.n.c.a.ServiceLogAspect [ServiceLogAspect.java:38] 用户[0:0:0:0:0:0:0:1],在[2022-03-08 17:27:44],访问了[com.nowcoder.community.service.LikeService.findEntityLikeCount].
2022-03-08 17:27:44,013 INFO [http-nio-8080-exec-5] c.n.c.a.ServiceLogAspect [ServiceLogAspect.java:38] 用户[0:0:0:0:0:0:0:1],在[2022-03-08 17:27:44],访问了[com.nowcoder.community.service.UserService.findUserById].
2022-03-08 17:27:44,013 INFO [http-nio-8080-exec-5] c.n.c.a.ServiceLogAspect [ServiceLogAspect.java:38] 用户[0:0:0:0:0:0:0:1],在[2022-03-08 17:27:44],访问了[com.nowcoder.community.service.LikeService.findEntityLikeCount].
2022-03-08 17:27:44,014 INFO [http-nio-8080-exec-5] c.n.c.a.ServiceLogAspect [ServiceLogAspect.java:38] 用户[0:0:0:0:0:0:0:1],在[2022-03-08 17:27:44],访问了[com.nowcoder.community.service.UserService.findUserById].
2022-03-08 17:27:44,015 INFO [http-nio-8080-exec-5] c.n.c.a.ServiceLogAspect [ServiceLogAspect.java:38] 用户[0:0:0:0:0:0:0:1],在[2022-03-08 17:27:44],访问了[com.nowcoder.community.service.LikeService.findEntityLikeCount].
2022-03-08 17:27:44,015 INFO [http-nio-8080-exec-5] c.n.c.a.ServiceLogAspect [ServiceLogAspect.java:38] 用户[0:0:0:0:0:0:0:1],在[2022-03-08 17:27:44],访问了[com.nowcoder.community.service.UserService.findUserById].
2022-03-08 17:27:44,016 INFO [http-nio-8080-exec-5] c.n.c.a.ServiceLogAspect [ServiceLogAspect.java:38] 用户[0:0:0:0:0:0:0:1],在[2022-03-08 17:27:44],访问了[com.nowcoder.community.service.LikeService.findEntityLikeCount].
2022-03-08 17:27:44,017 INFO [http-nio-8080-exec-5] c.n.c.a.ServiceLogAspect [ServiceLogAspect.java:38] 用户[0:0:0:0:0:0:0:1],在[2022-03-08 17:27:44],访问了[com.nowcoder.community.service.UserService.findUserById].
2022-03-08 17:27:44,019 INFO [http-nio-8080-exec-5] c.n.c.a.ServiceLogAspect [ServiceLogAspect.java:38] 用户[0:0:0:0:0:0:0:1],在[2022-03-08 17:27:44],访问了[com.nowcoder.community.service.LikeService.findEntityLikeCount].
2022-03-08 17:27:44,019 INFO [http-nio-8080-exec-5] c.n.c.a.ServiceLogAspect [ServiceLogAspect.java:38] 用户[0:0:0:0:0:0:0:1],在[2022-03-08 17:27:44],访问了[com.nowcoder.community.service.UserService.findUserById].
2022-03-08 17:27:44,021 INFO [http-nio-8080-exec-5] c.n.c.a.ServiceLogAspect [ServiceLogAspect.java:38] 用户[0:0:0:0:0:0:0:1],在[2022-03-08 17:27:44],访问了[com.nowcoder.community.service.LikeService.findEntityLikeCount].
2022-03-08 17:27:49,233 INFO [http-nio-8080-exec-1] c.n.c.a.ServiceLogAspect [ServiceLogAspect.java:38] 用户[0:0:0:0:0:0:0:1],在[2022-03-08 17:27:49],访问了[com.nowcoder.community.service.UserService.findLoginTicket].
2022-03-08 17:27:49,235 INFO [http-nio-8080-exec-1] c.n.c.a.ServiceLogAspect [ServiceLogAspect.java:38] 用户[0:0:0:0:0:0:0:1],在[2022-03-08 17:27:49],访问了[com.nowcoder.community.service.UserService.findUserById].
2022-03-08 17:27:49,236 INFO [http-nio-8080-exec-1] c.n.c.a.ServiceLogAspect [ServiceLogAspect.java:38] 用户[0:0:0:0:0:0:0:1],在[2022-03-08 17:27:49],访问了[com.nowcoder.community.service.UserService.findUserById].
2022-03-08 17:27:49,237 INFO [http-nio-8080-exec-1] c.n.c.a.ServiceLogAspect [ServiceLogAspect.java:38] 用户[0:0:0:0:0:0:0:1],在[2022-03-08 17:27:49],访问了[com.nowcoder.community.service.LikeService.findUserLikeCount].
2022-03-08 17:27:49,239 INFO [http-nio-8080-exec-1] c.n.c.a.ServiceLogAspect [ServiceLogAspect.java:38] 用户[0:0:0:0:0:0:0:1],在[2022-03-08 17:27:49],访问了[com.nowcoder.community.service.FollowService.findFolloweeCount].
2022-03-08 17:27:49,239 INFO [http-nio-8080-exec-1] c.n.c.a.ServiceLogAspect [ServiceLogAspect.java:38] 用户[0:0:0:0:0:0:0:1],在[2022-03-08 17:27:49],访问了[com.nowcoder.community.service.FollowService.findFollowerCount].
2022-03-08 17:27:49,240 INFO [http-nio-8080-exec-1] c.n.c.a.ServiceLogAspect [ServiceLogAspect.java:38] 用户[0:0:0:0:0:0:0:1],在[2022-03-08 17:27:49],访问了[com.nowcoder.community.service.FollowService.hasFollowed].
2022-03-08 17:27:51,326 INFO [http-nio-8080-exec-4] c.n.c.a.ServiceLogAspect [ServiceLogAspect.java:38] 用户[0:0:0:0:0:0:0:1],在[2022-03-08 17:27:51],访问了[com.nowcoder.community.service.UserService.findLoginTicket].
2022-03-08 17:27:51,329 INFO [http-nio-8080-exec-4] c.n.c.a.ServiceLogAspect [ServiceLogAspect.java:38] 用户[0:0:0:0:0:0:0:1],在[2022-03-08 17:27:51],访问了[com.nowcoder.community.service.UserService.findUserById].
2022-03-08 17:27:51,331 INFO [http-nio-8080-exec-4] c.n.c.a.ServiceLogAspect [ServiceLogAspect.java:38] 用户[0:0:0:0:0:0:0:1],在[2022-03-08 17:27:51],访问了[com.nowcoder.community.service.UserService.findUserById].
2022-03-08 17:27:51,334 INFO [http-nio-8080-exec-4] c.n.c.a.ServiceLogAspect [ServiceLogAspect.java:38] 用户[0:0:0:0:0:0:0:1],在[2022-03-08 17:27:51],访问了[com.nowcoder.community.service.LikeService.findUserLikeCount].
2022-03-08 17:27:51,334 INFO [http-nio-8080-exec-4] c.n.c.a.ServiceLogAspect [ServiceLogAspect.java:38] 用户[0:0:0:0:0:0:0:1],在[2022-03-08 17:27:51],访问了[com.nowcoder.community.service.FollowService.findFolloweeCount].
2022-03-08 17:27:51,335 INFO [http-nio-8080-exec-4] c.n.c.a.ServiceLogAspect [ServiceLogAspect.java:38] 用户[0:0:0:0:0:0:0:1],在[2022-03-08 17:27:51],访问了[com.nowcoder.community.service.FollowService.findFollowerCount].
2022-03-08 17:27:51,335 INFO [http-nio-8080-exec-4] c.n.c.a.ServiceLogAspect [ServiceLogAspect.java:38] 用户[0:0:0:0:0:0:0:1],在[2022-03-08 17:27:51],访问了[com.nowcoder.community.service.FollowService.hasFollowed].
2022-03-08 17:27:55,092 INFO [http-nio-8080-exec-8] c.n.c.a.ServiceLogAspect [ServiceLogAspect.java:38] 用户[0:0:0:0:0:0:0:1],在[2022-03-08 17:27:55],访问了[com.nowcoder.community.service.UserService.findLoginTicket].
2022-03-08 17:27:55,093 INFO [http-nio-8080-exec-8] c.n.c.a.ServiceLogAspect [ServiceLogAspect.java:38] 用户[0:0:0:0:0:0:0:1],在[2022-03-08 17:27:55],访问了[com.nowcoder.community.service.UserService.findUserById].
2022-03-08 17:27:55,095 INFO [http-nio-8080-exec-8] c.n.c.a.ServiceLogAspect [ServiceLogAspect.java:38] 用户[0:0:0:0:0:0:0:1],在[2022-03-08 17:27:55],访问了[com.nowcoder.community.service.FollowService.follow].
2022-03-08 17:27:55,159 INFO [http-nio-8080-exec-1] c.n.c.a.ServiceLogAspect [ServiceLogAspect.java:38] 用户[0:0:0:0:0:0:0:1],在[2022-03-08 17:27:55],访问了[com.nowcoder.community.service.UserService.findLoginTicket].
2022-03-08 17:27:55,161 INFO [http-nio-8080-exec-1] c.n.c.a.ServiceLogAspect [ServiceLogAspect.java:38] 用户[0:0:0:0:0:0:0:1],在[2022-03-08 17:27:55],访问了[com.nowcoder.community.service.UserService.findUserById].
2022-03-08 17:27:55,163 INFO [http-nio-8080-exec-1] c.n.c.a.ServiceLogAspect [ServiceLogAspect.java:38] 用户[0:0:0:0:0:0:0:1],在[2022-03-08 17:27:55],访问了[com.nowcoder.community.service.UserService.findUserById].
2022-03-08 17:27:55,164 INFO [http-nio-8080-exec-1] c.n.c.a.ServiceLogAspect [ServiceLogAspect.java:38] 用户[0:0:0:0:0:0:0:1],在[2022-03-08 17:27:55],访问了[com.nowcoder.community.service.LikeService.findUserLikeCount].
2022-03-08 17:27:55,166 INFO [http-nio-8080-exec-1] c.n.c.a.ServiceLogAspect [ServiceLogAspect.java:38] 用户[0:0:0:0:0:0:0:1],在[2022-03-08 17:27:55],访问了[com.nowcoder.community.service.FollowService.findFolloweeCount].
2022-03-08 17:27:55,167 INFO [http-nio-8080-exec-1] c.n.c.a.ServiceLogAspect [ServiceLogAspect.java:38] 用户[0:0:0:0:0:0:0:1],在[2022-03-08 17:27:55],访问了[com.nowcoder.community.service.FollowService.findFollowerCount].
2022-03-08 17:27:55,168 INFO [http-nio-8080-exec-1] c.n.c.a.ServiceLogAspect [ServiceLogAspect.java:38] 用户[0:0:0:0:0:0:0:1],在[2022-03-08 17:27:55],访问了[com.nowcoder.community.service.FollowService.hasFollowed].
2022-03-08 17:27:56,391 INFO [http-nio-8080-exec-5] c.n.c.a.ServiceLogAspect [ServiceLogAspect.java:38] 用户[0:0:0:0:0:0:0:1],在[2022-03-08 17:27:56],访问了[com.nowcoder.community.service.UserService.findLoginTicket].
2022-03-08 17:27:56,393 INFO [http-nio-8080-exec-5] c.n.c.a.ServiceLogAspect [ServiceLogAspect.java:38] 用户[0:0:0:0:0:0:0:1],在[2022-03-08 17:27:56],访问了[com.nowcoder.community.service.UserService.findUserById].
2022-03-08 17:27:56,395 INFO [http-nio-8080-exec-5] c.n.c.a.ServiceLogAspect [ServiceLogAspect.java:38] 用户[0:0:0:0:0:0:0:1],在[2022-03-08 17:27:56],访问了[com.nowcoder.community.service.FollowService.unfollow].
2022-03-08 17:27:56,414 INFO [http-nio-8080-exec-7] c.n.c.a.ServiceLogAspect [ServiceLogAspect.java:38] 用户[0:0:0:0:0:0:0:1],在[2022-03-08 17:27:56],访问了[com.nowcoder.community.service.UserService.findLoginTicket].
2022-03-08 17:27:56,415 INFO [http-nio-8080-exec-7] c.n.c.a.ServiceLogAspect [ServiceLogAspect.java:38] 用户[0:0:0:0:0:0:0:1],在[2022-03-08 17:27:56],访问了[com.nowcoder.community.service.UserService.findUserById].
2022-03-08 17:27:56,416 INFO [http-nio-8080-exec-7] c.n.c.a.ServiceLogAspect [ServiceLogAspect.java:38] 用户[0:0:0:0:0:0:0:1],在[2022-03-08 17:27:56],访问了[com.nowcoder.community.service.UserService.findUserById].
2022-03-08 17:27:56,418 INFO [http-nio-8080-exec-7] c.n.c.a.ServiceLogAspect [ServiceLogAspect.java:38] 用户[0:0:0:0:0:0:0:1],在[2022-03-08 17:27:56],访问了[com.nowcoder.community.service.LikeService.findUserLikeCount].
2022-03-08 17:27:56,419 INFO [http-nio-8080-exec-7] c.n.c.a.ServiceLogAspect [ServiceLogAspect.java:38] 用户[0:0:0:0:0:0:0:1],在[2022-03-08 17:27:56],访问了[com.nowcoder.community.service.FollowService.findFolloweeCount].
2022-03-08 17:27:56,420 INFO [http-nio-8080-exec-7] c.n.c.a.ServiceLogAspect [ServiceLogAspect.java:38] 用户[0:0:0:0:0:0:0:1],在[2022-03-08 17:27:56],访问了[com.nowcoder.community.service.FollowService.findFollowerCount].
2022-03-08 17:27:56,420 INFO [http-nio-8080-exec-7] c.n.c.a.ServiceLogAspect [ServiceLogAspect.java:38] 用户[0:0:0:0:0:0:0:1],在[2022-03-08 17:27:56],访问了[com.nowcoder.community.service.FollowService.hasFollowed].
2022-03-08 17:27:57,237 INFO [http-nio-8080-exec-10] c.n.c.a.ServiceLogAspect [ServiceLogAspect.java:38] 用户[0:0:0:0:0:0:0:1],在[2022-03-08 17:27:57],访问了[com.nowcoder.community.service.UserService.findLoginTicket].
2022-03-08 17:27:57,239 INFO [http-nio-8080-exec-10] c.n.c.a.ServiceLogAspect [ServiceLogAspect.java:38] 用户[0:0:0:0:0:0:0:1],在[2022-03-08 17:27:57],访问了[com.nowcoder.community.service.UserService.findUserById].
2022-03-08 17:27:57,241 INFO [http-nio-8080-exec-10] c.n.c.a.ServiceLogAspect [ServiceLogAspect.java:38] 用户[0:0:0:0:0:0:0:1],在[2022-03-08 17:27:57],访问了[com.nowcoder.community.service.FollowService.follow].
2022-03-08 17:27:57,257 INFO [http-nio-8080-exec-3] c.n.c.a.ServiceLogAspect [ServiceLogAspect.java:38] 用户[0:0:0:0:0:0:0:1],在[2022-03-08 17:27:57],访问了[com.nowcoder.community.service.UserService.findLoginTicket].
2022-03-08 17:27:57,258 INFO [http-nio-8080-exec-3] c.n.c.a.ServiceLogAspect [ServiceLogAspect.java:38] 用户[0:0:0:0:0:0:0:1],在[2022-03-08 17:27:57],访问了[com.nowcoder.community.service.UserService.findUserById].
2022-03-08 17:27:57,259 INFO [http-nio-8080-exec-3] c.n.c.a.ServiceLogAspect [ServiceLogAspect.java:38] 用户[0:0:0:0:0:0:0:1],在[2022-03-08 17:27:57],访问了[com.nowcoder.community.service.UserService.findUserById].
2022-03-08 17:27:57,260 INFO [http-nio-8080-exec-3] c.n.c.a.ServiceLogAspect [ServiceLogAspect.java:38] 用户[0:0:0:0:0:0:0:1],在[2022-03-08 17:27:57],访问了[com.nowcoder.community.service.LikeService.findUserLikeCount].
2022-03-08 17:27:57,261 INFO [http-nio-8080-exec-3] c.n.c.a.ServiceLogAspect [ServiceLogAspect.java:38] 用户[0:0:0:0:0:0:0:1],在[2022-03-08 17:27:57],访问了[com.nowcoder.community.service.FollowService.findFolloweeCount].
2022-03-08 17:27:57,261 INFO [http-nio-8080-exec-3] c.n.c.a.ServiceLogAspect [ServiceLogAspect.java:38] 用户[0:0:0:0:0:0:0:1],在[2022-03-08 17:27:57],访问了[com.nowcoder.community.service.FollowService.findFollowerCount].
2022-03-08 17:27:57,262 INFO [http-nio-8080-exec-3] c.n.c.a.ServiceLogAspect [ServiceLogAspect.java:38] 用户[0:0:0:0:0:0:0:1],在[2022-03-08 17:27:57],访问了[com.nowcoder.community.service.FollowService.hasFollowed].
2022-03-08 17:27:58,135 INFO [http-nio-8080-exec-6] c.n.c.a.ServiceLogAspect [ServiceLogAspect.java:38] 用户[0:0:0:0:0:0:0:1],在[2022-03-08 17:27:58],访问了[com.nowcoder.community.service.UserService.findLoginTicket].
2022-03-08 17:27:58,137 INFO [http-nio-8080-exec-6] c.n.c.a.ServiceLogAspect [ServiceLogAspect.java:38] 用户[0:0:0:0:0:0:0:1],在[2022-03-08 17:27:58],访问了[com.nowcoder.community.service.UserService.findUserById].
2022-03-08 17:27:58,138 INFO [http-nio-8080-exec-6] c.n.c.a.ServiceLogAspect [ServiceLogAspect.java:38] 用户[0:0:0:0:0:0:0:1],在[2022-03-08 17:27:58],访问了[com.nowcoder.community.service.FollowService.unfollow].
2022-03-08 17:27:58,153 INFO [http-nio-8080-exec-9] c.n.c.a.ServiceLogAspect [ServiceLogAspect.java:38] 用户[0:0:0:0:0:0:0:1],在[2022-03-08 17:27:58],访问了[com.nowcoder.community.service.UserService.findLoginTicket].
2022-03-08 17:27:58,155 INFO [http-nio-8080-exec-9] c.n.c.a.ServiceLogAspect [ServiceLogAspect.java:38] 用户[0:0:0:0:0:0:0:1],在[2022-03-08 17:27:58],访问了[com.nowcoder.community.service.UserService.findUserById].
2022-03-08 17:27:58,156 INFO [http-nio-8080-exec-9] c.n.c.a.ServiceLogAspect [ServiceLogAspect.java:38] 用户[0:0:0:0:0:0:0:1],在[2022-03-08 17:27:58],访问了[com.nowcoder.community.service.UserService.findUserById].
2022-03-08 17:27:58,157 INFO [http-nio-8080-exec-9] c.n.c.a.ServiceLogAspect [ServiceLogAspect.java:38] 用户[0:0:0:0:0:0:0:1],在[2022-03-08 17:27:58],访问了[com.nowcoder.community.service.LikeService.findUserLikeCount].
2022-03-08 17:27:58,157 INFO [http-nio-8080-exec-9] c.n.c.a.ServiceLogAspect [ServiceLogAspect.java:38] 用户[0:0:0:0:0:0:0:1],在[2022-03-08 17:27:58],访问了[com.nowcoder.community.service.FollowService.findFolloweeCount].
2022-03-08 17:27:58,158 INFO [http-nio-8080-exec-9] c.n.c.a.ServiceLogAspect [ServiceLogAspect.java:38] 用户[0:0:0:0:0:0:0:1],在[2022-03-08 17:27:58],访问了[com.nowcoder.community.service.FollowService.findFollowerCount].
2022-03-08 17:27:58,158 INFO [http-nio-8080-exec-9] c.n.c.a.ServiceLogAspect [ServiceLogAspect.java:38] 用户[0:0:0:0:0:0:0:1],在[2022-03-08 17:27:58],访问了[com.nowcoder.community.service.FollowService.hasFollowed].
2022-03-08 17:27:58,881 INFO [http-nio-8080-exec-2] c.n.c.a.ServiceLogAspect [ServiceLogAspect.java:38] 用户[0:0:0:0:0:0:0:1],在[2022-03-08 17:27:58],访问了[com.nowcoder.community.service.UserService.findLoginTicket].
2022-03-08 17:27:58,883 INFO [http-nio-8080-exec-2] c.n.c.a.ServiceLogAspect [ServiceLogAspect.java:38] 用户[0:0:0:0:0:0:0:1],在[2022-03-08 17:27:58],访问了[com.nowcoder.community.service.UserService.findUserById].
2022-03-08 17:27:58,886 INFO [http-nio-8080-exec-2] c.n.c.a.ServiceLogAspect [ServiceLogAspect.java:38] 用户[0:0:0:0:0:0:0:1],在[2022-03-08 17:27:58],访问了[com.nowcoder.community.service.FollowService.follow].
2022-03-08 17:27:58,903 INFO [http-nio-8080-exec-5] c.n.c.a.ServiceLogAspect [ServiceLogAspect.java:38] 用户[0:0:0:0:0:0:0:1],在[2022-03-08 17:27:58],访问了[com.nowcoder.community.service.UserService.findLoginTicket].
2022-03-08 17:27:58,905 INFO [http-nio-8080-exec-5] c.n.c.a.ServiceLogAspect [ServiceLogAspect.java:38] 用户[0:0:0:0:0:0:0:1],在[2022-03-08 17:27:58],访问了[com.nowcoder.community.service.UserService.findUserById].
2022-03-08 17:27:58,907 INFO [http-nio-8080-exec-5] c.n.c.a.ServiceLogAspect [ServiceLogAspect.java:38] 用户[0:0:0:0:0:0:0:1],在[2022-03-08 17:27:58],访问了[com.nowcoder.community.service.UserService.findUserById].
2022-03-08 17:27:58,909 INFO [http-nio-8080-exec-5] c.n.c.a.ServiceLogAspect [ServiceLogAspect.java:38] 用户[0:0:0:0:0:0:0:1],在[2022-03-08 17:27:58],访问了[com.nowcoder.community.service.LikeService.findUserLikeCount].
2022-03-08 17:27:58,910 INFO [http-nio-8080-exec-5] c.n.c.a.ServiceLogAspect [ServiceLogAspect.java:38] 用户[0:0:0:0:0:0:0:1],在[2022-03-08 17:27:58],访问了[com.nowcoder.community.service.FollowService.findFolloweeCount].
2022-03-08 17:27:58,910 INFO [http-nio-8080-exec-5] c.n.c.a.ServiceLogAspect [ServiceLogAspect.java:38] 用户[0:0:0:0:0:0:0:1],在[2022-03-08 17:27:58],访问了[com.nowcoder.community.service.FollowService.findFollowerCount].
2022-03-08 17:27:58,911 INFO [http-nio-8080-exec-5] c.n.c.a.ServiceLogAspect [ServiceLogAspect.java:38] 用户[0:0:0:0:0:0:0:1],在[2022-03-08 17:27:58],访问了[com.nowcoder.community.service.FollowService.hasFollowed].
2022-03-08 17:27:59,800 INFO [http-nio-8080-exec-8] c.n.c.a.ServiceLogAspect [ServiceLogAspect.java:38] 用户[0:0:0:0:0:0:0:1],在[2022-03-08 17:27:59],访问了[com.nowcoder.community.service.UserService.findLoginTicket].
2022-03-08 17:27:59,802 INFO [http-nio-8080-exec-8] c.n.c.a.ServiceLogAspect [ServiceLogAspect.java:38] 用户[0:0:0:0:0:0:0:1],在[2022-03-08 17:27:59],访问了[com.nowcoder.community.service.UserService.findUserById].
2022-03-08 17:27:59,803 INFO [http-nio-8080-exec-8] c.n.c.a.ServiceLogAspect [ServiceLogAspect.java:38] 用户[0:0:0:0:0:0:0:1],在[2022-03-08 17:27:59],访问了[com.nowcoder.community.service.FollowService.unfollow].
2022-03-08 17:27:59,821 INFO [http-nio-8080-exec-10] c.n.c.a.ServiceLogAspect [ServiceLogAspect.java:38] 用户[0:0:0:0:0:0:0:1],在[2022-03-08 17:27:59],访问了[com.nowcoder.community.service.UserService.findLoginTicket].
2022-03-08 17:27:59,823 INFO [http-nio-8080-exec-10] c.n.c.a.ServiceLogAspect [ServiceLogAspect.java:38] 用户[0:0:0:0:0:0:0:1],在[2022-03-08 17:27:59],访问了[com.nowcoder.community.service.UserService.findUserById].
2022-03-08 17:27:59,824 INFO [http-nio-8080-exec-10] c.n.c.a.ServiceLogAspect [ServiceLogAspect.java:38] 用户[0:0:0:0:0:0:0:1],在[2022-03-08 17:27:59],访问了[com.nowcoder.community.service.UserService.findUserById].
2022-03-08 17:27:59,825 INFO [http-nio-8080-exec-10] c.n.c.a.ServiceLogAspect [ServiceLogAspect.java:38] 用户[0:0:0:0:0:0:0:1],在[2022-03-08 17:27:59],访问了[com.nowcoder.community.service.LikeService.findUserLikeCount].
2022-03-08 17:27:59,825 INFO [http-nio-8080-exec-10] c.n.c.a.ServiceLogAspect [ServiceLogAspect.java:38] 用户[0:0:0:0:0:0:0:1],在[2022-03-08 17:27:59],访问了[com.nowcoder.community.service.FollowService.findFolloweeCount].
2022-03-08 17:27:59,826 INFO [http-nio-8080-exec-10] c.n.c.a.ServiceLogAspect [ServiceLogAspect.java:38] 用户[0:0:0:0:0:0:0:1],在[2022-03-08 17:27:59],访问了[com.nowcoder.community.service.FollowService.findFollowerCount].
2022-03-08 17:27:59,826 INFO [http-nio-8080-exec-10] c.n.c.a.ServiceLogAspect [ServiceLogAspect.java:38] 用户[0:0:0:0:0:0:0:1],在[2022-03-08 17:27:59],访问了[com.nowcoder.community.service.FollowService.hasFollowed].
2022-03-08 17:28:00,493 INFO [http-nio-8080-exec-4] c.n.c.a.ServiceLogAspect [ServiceLogAspect.java:38] 用户[0:0:0:0:0:0:0:1],在[2022-03-08 17:28:00],访问了[com.nowcoder.community.service.UserService.findLoginTicket].
2022-03-08 17:28:00,501 INFO [http-nio-8080-exec-4] c.n.c.a.ServiceLogAspect [ServiceLogAspect.java:38] 用户[0:0:0:0:0:0:0:1],在[2022-03-08 17:28:00],访问了[com.nowcoder.community.service.UserService.findUserById].
2022-03-08 17:28:00,502 INFO [http-nio-8080-exec-4] c.n.c.a.ServiceLogAspect [ServiceLogAspect.java:38] 用户[0:0:0:0:0:0:0:1],在[2022-03-08 17:28:00],访问了[com.nowcoder.community.service.FollowService.follow].
2022-03-08 17:28:00,520 INFO [http-nio-8080-exec-7] c.n.c.a.ServiceLogAspect [ServiceLogAspect.java:38] 用户[0:0:0:0:0:0:0:1],在[2022-03-08 17:28:00],访问了[com.nowcoder.community.service.UserService.findLoginTicket].
2022-03-08 17:28:00,522 INFO [http-nio-8080-exec-7] c.n.c.a.ServiceLogAspect [ServiceLogAspect.java:38] 用户[0:0:0:0:0:0:0:1],在[2022-03-08 17:28:00],访问了[com.nowcoder.community.service.UserService.findUserById].
2022-03-08 17:28:00,522 INFO [http-nio-8080-exec-7] c.n.c.a.ServiceLogAspect [ServiceLogAspect.java:38] 用户[0:0:0:0:0:0:0:1],在[2022-03-08 17:28:00],访问了[com.nowcoder.community.service.UserService.findUserById].
2022-03-08 17:28:00,523 INFO [http-nio-8080-exec-7] c.n.c.a.ServiceLogAspect [ServiceLogAspect.java:38] 用户[0:0:0:0:0:0:0:1],在[2022-03-08 17:28:00],访问了[com.nowcoder.community.service.LikeService.findUserLikeCount].
2022-03-08 17:28:00,524 INFO [http-nio-8080-exec-7] c.n.c.a.ServiceLogAspect [ServiceLogAspect.java:38] 用户[0:0:0:0:0:0:0:1],在[2022-03-08 17:28:00],访问了[com.nowcoder.community.service.FollowService.findFolloweeCount].
2022-03-08 17:28:00,524 INFO [http-nio-8080-exec-7] c.n.c.a.ServiceLogAspect [ServiceLogAspect.java:38] 用户[0:0:0:0:0:0:0:1],在[2022-03-08 17:28:00],访问了[com.nowcoder.community.service.FollowService.findFollowerCount].
2022-03-08 17:28:00,524 INFO [http-nio-8080-exec-7] c.n.c.a.ServiceLogAspect [ServiceLogAspect.java:38] 用户[0:0:0:0:0:0:0:1],在[2022-03-08 17:28:00],访问了[com.nowcoder.community.service.FollowService.hasFollowed].
2022-03-08 17:28:05,067 INFO [http-nio-8080-exec-1] c.n.c.a.ServiceLogAspect [ServiceLogAspect.java:38] 用户[0:0:0:0:0:0:0:1],在[2022-03-08 17:28:05],访问了[com.nowcoder.community.service.UserService.findLoginTicket].
2022-03-08 17:28:05,068 INFO [http-nio-8080-exec-1] c.n.c.a.ServiceLogAspect [ServiceLogAspect.java:38] 用户[0:0:0:0:0:0:0:1],在[2022-03-08 17:28:05],访问了[com.nowcoder.community.service.UserService.findUserById].
2022-03-08 17:28:05,069 INFO [http-nio-8080-exec-1] c.n.c.a.ServiceLogAspect [ServiceLogAspect.java:38] 用户[0:0:0:0:0:0:0:1],在[2022-03-08 17:28:05],访问了[com.nowcoder.community.service.DiscussPostService.findDiscussPostRows].
2022-03-08 17:28:05,070 INFO [http-nio-8080-exec-1] c.n.c.a.ServiceLogAspect [ServiceLogAspect.java:38] 用户[0:0:0:0:0:0:0:1],在[2022-03-08 17:28:05],访问了[com.nowcoder.community.service.DiscussPostService.findDiscussPosts].
2022-03-08 17:28:05,072 INFO [http-nio-8080-exec-1] c.n.c.a.ServiceLogAspect [ServiceLogAspect.java:38] 用户[0:0:0:0:0:0:0:1],在[2022-03-08 17:28:05],访问了[com.nowcoder.community.service.UserService.findUserById].
2022-03-08 17:28:05,073 INFO [http-nio-8080-exec-1] c.n.c.a.ServiceLogAspect [ServiceLogAspect.java:38] 用户[0:0:0:0:0:0:0:1],在[2022-03-08 17:28:05],访问了[com.nowcoder.community.service.LikeService.findEntityLikeCount].
2022-03-08 17:28:05,074 INFO [http-nio-8080-exec-1] c.n.c.a.ServiceLogAspect [ServiceLogAspect.java:38] 用户[0:0:0:0:0:0:0:1],在[2022-03-08 17:28:05],访问了[com.nowcoder.community.service.UserService.findUserById].
2022-03-08 17:28:05,076 INFO [http-nio-8080-exec-1] c.n.c.a.ServiceLogAspect [ServiceLogAspect.java:38] 用户[0:0:0:0:0:0:0:1],在[2022-03-08 17:28:05],访问了[com.nowcoder.community.service.LikeService.findEntityLikeCount].
2022-03-08 17:28:05,076 INFO [http-nio-8080-exec-1] c.n.c.a.ServiceLogAspect [ServiceLogAspect.java:38] 用户[0:0:0:0:0:0:0:1],在[2022-03-08 17:28:05],访问了[com.nowcoder.community.service.UserService.findUserById].
2022-03-08 17:28:05,078 INFO [http-nio-8080-exec-1] c.n.c.a.ServiceLogAspect [ServiceLogAspect.java:38] 用户[0:0:0:0:0:0:0:1],在[2022-03-08 17:28:05],访问了[com.nowcoder.community.service.LikeService.findEntityLikeCount].
2022-03-08 17:28:05,078 INFO [http-nio-8080-exec-1] c.n.c.a.ServiceLogAspect [ServiceLogAspect.java:38] 用户[0:0:0:0:0:0:0:1],在[2022-03-08 17:28:05],访问了[com.nowcoder.community.service.UserService.findUserById].
2022-03-08 17:28:05,079 INFO [http-nio-8080-exec-1] c.n.c.a.ServiceLogAspect [ServiceLogAspect.java:38] 用户[0:0:0:0:0:0:0:1],在[2022-03-08 17:28:05],访问了[com.nowcoder.community.service.LikeService.findEntityLikeCount].
2022-03-08 17:28:05,080 INFO [http-nio-8080-exec-1] c.n.c.a.ServiceLogAspect [ServiceLogAspect.java:38] 用户[0:0:0:0:0:0:0:1],在[2022-03-08 17:28:05],访问了[com.nowcoder.community.service.UserService.findUserById].
2022-03-08 17:28:05,081 INFO [http-nio-8080-exec-1] c.n.c.a.ServiceLogAspect [ServiceLogAspect.java:38] 用户[0:0:0:0:0:0:0:1],在[2022-03-08 17:28:05],访问了[com.nowcoder.community.service.LikeService.findEntityLikeCount].
2022-03-08 17:28:05,081 INFO [http-nio-8080-exec-1] c.n.c.a.ServiceLogAspect [ServiceLogAspect.java:38] 用户[0:0:0:0:0:0:0:1],在[2022-03-08 17:28:05],访问了[com.nowcoder.community.service.UserService.findUserById].
2022-03-08 17:28:05,082 INFO [http-nio-8080-exec-1] c.n.c.a.ServiceLogAspect [ServiceLogAspect.java:38] 用户[0:0:0:0:0:0:0:1],在[2022-03-08 17:28:05],访问了[com.nowcoder.community.service.LikeService.findEntityLikeCount].
2022-03-08 17:28:05,082 INFO [http-nio-8080-exec-1] c.n.c.a.ServiceLogAspect [ServiceLogAspect.java:38] 用户[0:0:0:0:0:0:0:1],在[2022-03-08 17:28:05],访问了[com.nowcoder.community.service.UserService.findUserById].
2022-03-08 17:28:05,083 INFO [http-nio-8080-exec-1] c.n.c.a.ServiceLogAspect [ServiceLogAspect.java:38] 用户[0:0:0:0:0:0:0:1],在[2022-03-08 17:28:05],访问了[com.nowcoder.community.service.LikeService.findEntityLikeCount].
2022-03-08 17:28:05,083 INFO [http-nio-8080-exec-1] c.n.c.a.ServiceLogAspect [ServiceLogAspect.java:38] 用户[0:0:0:0:0:0:0:1],在[2022-03-08 17:28:05],访问了[com.nowcoder.community.service.UserService.findUserById].
2022-03-08 17:28:05,085 INFO [http-nio-8080-exec-1] c.n.c.a.ServiceLogAspect [ServiceLogAspect.java:38] 用户[0:0:0:0:0:0:0:1],在[2022-03-08 17:28:05],访问了[com.nowcoder.community.service.LikeService.findEntityLikeCount].
2022-03-08 17:28:05,086 INFO [http-nio-8080-exec-1] c.n.c.a.ServiceLogAspect [ServiceLogAspect.java:38] 用户[0:0:0:0:0:0:0:1],在[2022-03-08 17:28:05],访问了[com.nowcoder.community.service.UserService.findUserById].
2022-03-08 17:28:05,087 INFO [http-nio-8080-exec-1] c.n.c.a.ServiceLogAspect [ServiceLogAspect.java:38] 用户[0:0:0:0:0:0:0:1],在[2022-03-08 17:28:05],访问了[com.nowcoder.community.service.LikeService.findEntityLikeCount].
2022-03-08 17:28:05,087 INFO [http-nio-8080-exec-1] c.n.c.a.ServiceLogAspect [ServiceLogAspect.java:38] 用户[0:0:0:0:0:0:0:1],在[2022-03-08 17:28:05],访问了[com.nowcoder.community.service.UserService.findUserById].
2022-03-08 17:28:05,088 INFO [http-nio-8080-exec-1] c.n.c.a.ServiceLogAspect [ServiceLogAspect.java:38] 用户[0:0:0:0:0:0:0:1],在[2022-03-08 17:28:05],访问了[com.nowcoder.community.service.LikeService.findEntityLikeCount].
2022-03-08 17:28:06,555 INFO [http-nio-8080-exec-7] c.n.c.a.ServiceLogAspect [ServiceLogAspect.java:38] 用户[0:0:0:0:0:0:0:1],在[2022-03-08 17:28:06],访问了[com.nowcoder.community.service.UserService.findLoginTicket].
2022-03-08 17:28:06,556 INFO [http-nio-8080-exec-7] c.n.c.a.ServiceLogAspect [ServiceLogAspect.java:38] 用户[0:0:0:0:0:0:0:1],在[2022-03-08 17:28:06],访问了[com.nowcoder.community.service.UserService.findUserById].
2022-03-08 17:28:06,557 INFO [http-nio-8080-exec-7] c.n.c.a.ServiceLogAspect [ServiceLogAspect.java:38] 用户[0:0:0:0:0:0:0:1],在[2022-03-08 17:28:06],访问了[com.nowcoder.community.service.UserService.findUserById].
2022-03-08 17:28:06,558 INFO [http-nio-8080-exec-7] c.n.c.a.ServiceLogAspect [ServiceLogAspect.java:38] 用户[0:0:0:0:0:0:0:1],在[2022-03-08 17:28:06],访问了[com.nowcoder.community.service.LikeService.findUserLikeCount].
2022-03-08 17:28:06,559 INFO [http-nio-8080-exec-7] c.n.c.a.ServiceLogAspect [ServiceLogAspect.java:38] 用户[0:0:0:0:0:0:0:1],在[2022-03-08 17:28:06],访问了[com.nowcoder.community.service.FollowService.findFolloweeCount].
2022-03-08 17:28:06,559 INFO [http-nio-8080-exec-7] c.n.c.a.ServiceLogAspect [ServiceLogAspect.java:38] 用户[0:0:0:0:0:0:0:1],在[2022-03-08 17:28:06],访问了[com.nowcoder.community.service.FollowService.findFollowerCount].
2022-03-08 17:28:06,560 INFO [http-nio-8080-exec-7] c.n.c.a.ServiceLogAspect [ServiceLogAspect.java:38] 用户[0:0:0:0:0:0:0:1],在[2022-03-08 17:28:06],访问了[com.nowcoder.community.service.FollowService.hasFollowed].
2022-03-08 17:28:12,627 INFO [http-nio-8080-exec-10] c.n.c.a.ServiceLogAspect [ServiceLogAspect.java:38] 用户[0:0:0:0:0:0:0:1],在[2022-03-08 17:28:12],访问了[com.nowcoder.community.service.UserService.findLoginTicket].
2022-03-08 17:28:12,629 INFO [http-nio-8080-exec-10] c.n.c.a.ServiceLogAspect [ServiceLogAspect.java:38] 用户[0:0:0:0:0:0:0:1],在[2022-03-08 17:28:12],访问了[com.nowcoder.community.service.UserService.findUserById].
2022-03-08 17:28:12,630 INFO [http-nio-8080-exec-10] c.n.c.a.ServiceLogAspect [ServiceLogAspect.java:38] 用户[0:0:0:0:0:0:0:1],在[2022-03-08 17:28:12],访问了[com.nowcoder.community.service.UserService.findUserById].
2022-03-08 17:28:12,631 INFO [http-nio-8080-exec-10] c.n.c.a.ServiceLogAspect [ServiceLogAspect.java:38] 用户[0:0:0:0:0:0:0:1],在[2022-03-08 17:28:12],访问了[com.nowcoder.community.service.LikeService.findUserLikeCount].
2022-03-08 17:28:12,632 INFO [http-nio-8080-exec-10] c.n.c.a.ServiceLogAspect [ServiceLogAspect.java:38] 用户[0:0:0:0:0:0:0:1],在[2022-03-08 17:28:12],访问了[com.nowcoder.community.service.FollowService.findFolloweeCount].
2022-03-08 17:28:12,633 INFO [http-nio-8080-exec-10] c.n.c.a.ServiceLogAspect [ServiceLogAspect.java:38] 用户[0:0:0:0:0:0:0:1],在[2022-03-08 17:28:12],访问了[com.nowcoder.community.service.FollowService.findFollowerCount].
2022-03-08 17:28:12,633 INFO [http-nio-8080-exec-10] c.n.c.a.ServiceLogAspect [ServiceLogAspect.java:38] 用户[0:0:0:0:0:0:0:1],在[2022-03-08 17:28:12],访问了[com.nowcoder.community.service.FollowService.hasFollowed].
2022-03-08 17:28:15,670 INFO [http-nio-8080-exec-4] c.n.c.a.ServiceLogAspect [ServiceLogAspect.java:38] 用户[0:0:0:0:0:0:0:1],在[2022-03-08 17:28:15],访问了[com.nowcoder.community.service.UserService.findLoginTicket].
2022-03-08 17:28:15,672 INFO [http-nio-8080-exec-4] c.n.c.a.ServiceLogAspect [ServiceLogAspect.java:38] 用户[0:0:0:0:0:0:0:1],在[2022-03-08 17:28:15],访问了[com.nowcoder.community.service.UserService.findUserById].
2022-03-08 17:28:15,675 INFO [http-nio-8080-exec-4] c.n.c.a.ServiceLogAspect [ServiceLogAspect.java:38] 用户[0:0:0:0:0:0:0:1],在[2022-03-08 17:28:15],访问了[com.nowcoder.community.service.UserService.logout].
2022-03-08 17:28:15,684 INFO [http-nio-8080-exec-7] c.n.c.a.ServiceLogAspect [ServiceLogAspect.java:38] 用户[0:0:0:0:0:0:0:1],在[2022-03-08 17:28:15],访问了[com.nowcoder.community.service.UserService.findLoginTicket].
2022-03-08 17:28:15,741 INFO [http-nio-8080-exec-10] c.n.c.a.ServiceLogAspect [ServiceLogAspect.java:38] 用户[0:0:0:0:0:0:0:1],在[2022-03-08 17:28:15],访问了[com.nowcoder.community.service.UserService.findLoginTicket].
2022-03-08 17:28:26,922 INFO [http-nio-8080-exec-1] c.n.c.a.ServiceLogAspect [ServiceLogAspect.java:38] 用户[0:0:0:0:0:0:0:1],在[2022-03-08 17:28:26],访问了[com.nowcoder.community.service.UserService.findLoginTicket].
2022-03-08 17:28:26,924 INFO [http-nio-8080-exec-1] c.n.c.a.ServiceLogAspect [ServiceLogAspect.java:38] 用户[0:0:0:0:0:0:0:1],在[2022-03-08 17:28:26],访问了[com.nowcoder.community.service.UserService.login].
2022-03-08 17:28:26,935 INFO [http-nio-8080-exec-3] c.n.c.a.ServiceLogAspect [ServiceLogAspect.java:38] 用户[0:0:0:0:0:0:0:1],在[2022-03-08 17:28:26],访问了[com.nowcoder.community.service.UserService.findLoginTicket].
2022-03-08 17:28:26,936 INFO [http-nio-8080-exec-3] c.n.c.a.ServiceLogAspect [ServiceLogAspect.java:38] 用户[0:0:0:0:0:0:0:1],在[2022-03-08 17:28:26],访问了[com.nowcoder.community.service.UserService.findUserById].
2022-03-08 17:28:26,937 INFO [http-nio-8080-exec-3] c.n.c.a.ServiceLogAspect [ServiceLogAspect.java:38] 用户[0:0:0:0:0:0:0:1],在[2022-03-08 17:28:26],访问了[com.nowcoder.community.service.DiscussPostService.findDiscussPostRows].
2022-03-08 17:28:26,937 INFO [http-nio-8080-exec-3] c.n.c.a.ServiceLogAspect [ServiceLogAspect.java:38] 用户[0:0:0:0:0:0:0:1],在[2022-03-08 17:28:26],访问了[com.nowcoder.community.service.DiscussPostService.findDiscussPosts].
2022-03-08 17:28:26,940 INFO [http-nio-8080-exec-3] c.n.c.a.ServiceLogAspect [ServiceLogAspect.java:38] 用户[0:0:0:0:0:0:0:1],在[2022-03-08 17:28:26],访问了[com.nowcoder.community.service.UserService.findUserById].
2022-03-08 17:28:26,941 INFO [http-nio-8080-exec-3] c.n.c.a.ServiceLogAspect [ServiceLogAspect.java:38] 用户[0:0:0:0:0:0:0:1],在[2022-03-08 17:28:26],访问了[com.nowcoder.community.service.LikeService.findEntityLikeCount].
2022-03-08 17:28:26,942 INFO [http-nio-8080-exec-3] c.n.c.a.ServiceLogAspect [ServiceLogAspect.java:38] 用户[0:0:0:0:0:0:0:1],在[2022-03-08 17:28:26],访问了[com.nowcoder.community.service.UserService.findUserById].
2022-03-08 17:28:26,943 INFO [http-nio-8080-exec-3] c.n.c.a.ServiceLogAspect [ServiceLogAspect.java:38] 用户[0:0:0:0:0:0:0:1],在[2022-03-08 17:28:26],访问了[com.nowcoder.community.service.LikeService.findEntityLikeCount].
2022-03-08 17:28:26,943 INFO [http-nio-8080-exec-3] c.n.c.a.ServiceLogAspect [ServiceLogAspect.java:38] 用户[0:0:0:0:0:0:0:1],在[2022-03-08 17:28:26],访问了[com.nowcoder.community.service.UserService.findUserById].
2022-03-08 17:28:26,944 INFO [http-nio-8080-exec-3] c.n.c.a.ServiceLogAspect [ServiceLogAspect.java:38] 用户[0:0:0:0:0:0:0:1],在[2022-03-08 17:28:26],访问了[com.nowcoder.community.service.LikeService.findEntityLikeCount].
2022-03-08 17:28:26,945 INFO [http-nio-8080-exec-3] c.n.c.a.ServiceLogAspect [ServiceLogAspect.java:38] 用户[0:0:0:0:0:0:0:1],在[2022-03-08 17:28:26],访问了[com.nowcoder.community.service.UserService.findUserById].
2022-03-08 17:28:26,945 INFO [http-nio-8080-exec-3] c.n.c.a.ServiceLogAspect [ServiceLogAspect.java:38] 用户[0:0:0:0:0:0:0:1],在[2022-03-08 17:28:26],访问了[com.nowcoder.community.service.LikeService.findEntityLikeCount].
2022-03-08 17:28:26,945 INFO [http-nio-8080-exec-3] c.n.c.a.ServiceLogAspect [ServiceLogAspect.java:38] 用户[0:0:0:0:0:0:0:1],在[2022-03-08 17:28:26],访问了[com.nowcoder.community.service.UserService.findUserById].
2022-03-08 17:28:26,946 INFO [http-nio-8080-exec-3] c.n.c.a.ServiceLogAspect [ServiceLogAspect.java:38] 用户[0:0:0:0:0:0:0:1],在[2022-03-08 17:28:26],访问了[com.nowcoder.community.service.LikeService.findEntityLikeCount].
2022-03-08 17:28:26,946 INFO [http-nio-8080-exec-3] c.n.c.a.ServiceLogAspect [ServiceLogAspect.java:38] 用户[0:0:0:0:0:0:0:1],在[2022-03-08 17:28:26],访问了[com.nowcoder.community.service.UserService.findUserById].
2022-03-08 17:28:26,947 INFO [http-nio-8080-exec-3] c.n.c.a.ServiceLogAspect [ServiceLogAspect.java:38] 用户[0:0:0:0:0:0:0:1],在[2022-03-08 17:28:26],访问了[com.nowcoder.community.service.LikeService.findEntityLikeCount].
2022-03-08 17:28:26,947 INFO [http-nio-8080-exec-3] c.n.c.a.ServiceLogAspect [ServiceLogAspect.java:38] 用户[0:0:0:0:0:0:0:1],在[2022-03-08 17:28:26],访问了[com.nowcoder.community.service.UserService.findUserById].
2022-03-08 17:28:26,948 INFO [http-nio-8080-exec-3] c.n.c.a.ServiceLogAspect [ServiceLogAspect.java:38] 用户[0:0:0:0:0:0:0:1],在[2022-03-08 17:28:26],访问了[com.nowcoder.community.service.LikeService.findEntityLikeCount].
2022-03-08 17:28:26,948 INFO [http-nio-8080-exec-3] c.n.c.a.ServiceLogAspect [ServiceLogAspect.java:38] 用户[0:0:0:0:0:0:0:1],在[2022-03-08 17:28:26],访问了[com.nowcoder.community.service.UserService.findUserById].
2022-03-08 17:28:26,949 INFO [http-nio-8080-exec-3] c.n.c.a.ServiceLogAspect [ServiceLogAspect.java:38] 用户[0:0:0:0:0:0:0:1],在[2022-03-08 17:28:26],访问了[com.nowcoder.community.service.LikeService.findEntityLikeCount].
2022-03-08 17:28:26,949 INFO [http-nio-8080-exec-3] c.n.c.a.ServiceLogAspect [ServiceLogAspect.java:38] 用户[0:0:0:0:0:0:0:1],在[2022-03-08 17:28:26],访问了[com.nowcoder.community.service.UserService.findUserById].
2022-03-08 17:28:26,951 INFO [http-nio-8080-exec-3] c.n.c.a.ServiceLogAspect [ServiceLogAspect.java:38] 用户[0:0:0:0:0:0:0:1],在[2022-03-08 17:28:26],访问了[com.nowcoder.community.service.LikeService.findEntityLikeCount].
2022-03-08 17:28:26,952 INFO [http-nio-8080-exec-3] c.n.c.a.ServiceLogAspect [ServiceLogAspect.java:38] 用户[0:0:0:0:0:0:0:1],在[2022-03-08 17:28:26],访问了[com.nowcoder.community.service.UserService.findUserById].
2022-03-08 17:28:26,953 INFO [http-nio-8080-exec-3] c.n.c.a.ServiceLogAspect [ServiceLogAspect.java:38] 用户[0:0:0:0:0:0:0:1],在[2022-03-08 17:28:26],访问了[com.nowcoder.community.service.LikeService.findEntityLikeCount].
2022-03-08 17:28:29,125 INFO [http-nio-8080-exec-6] c.n.c.a.ServiceLogAspect [ServiceLogAspect.java:38] 用户[0:0:0:0:0:0:0:1],在[2022-03-08 17:28:29],访问了[com.nowcoder.community.service.UserService.findLoginTicket].
2022-03-08 17:28:29,127 INFO [http-nio-8080-exec-6] c.n.c.a.ServiceLogAspect [ServiceLogAspect.java:38] 用户[0:0:0:0:0:0:0:1],在[2022-03-08 17:28:29],访问了[com.nowcoder.community.service.UserService.findUserById].
2022-03-08 17:28:29,129 INFO [http-nio-8080-exec-6] c.n.c.a.ServiceLogAspect [ServiceLogAspect.java:38] 用户[0:0:0:0:0:0:0:1],在[2022-03-08 17:28:29],访问了[com.nowcoder.community.service.UserService.findUserById].
2022-03-08 17:28:29,131 INFO [http-nio-8080-exec-6] c.n.c.a.ServiceLogAspect [ServiceLogAspect.java:38] 用户[0:0:0:0:0:0:0:1],在[2022-03-08 17:28:29],访问了[com.nowcoder.community.service.LikeService.findUserLikeCount].
2022-03-08 17:28:29,131 INFO [http-nio-8080-exec-6] c.n.c.a.ServiceLogAspect [ServiceLogAspect.java:38] 用户[0:0:0:0:0:0:0:1],在[2022-03-08 17:28:29],访问了[com.nowcoder.community.service.FollowService.findFolloweeCount].
2022-03-08 17:28:29,132 INFO [http-nio-8080-exec-6] c.n.c.a.ServiceLogAspect [ServiceLogAspect.java:38] 用户[0:0:0:0:0:0:0:1],在[2022-03-08 17:28:29],访问了[com.nowcoder.community.service.FollowService.findFollowerCount].
2022-03-08 17:28:29,132 INFO [http-nio-8080-exec-6] c.n.c.a.ServiceLogAspect [ServiceLogAspect.java:38] 用户[0:0:0:0:0:0:0:1],在[2022-03-08 17:28:29],访问了[com.nowcoder.community.service.FollowService.hasFollowed].
2022-03-08 17:28:32,383 INFO [http-nio-8080-exec-3] c.n.c.a.ServiceLogAspect [ServiceLogAspect.java:38] 用户[0:0:0:0:0:0:0:1],在[2022-03-08 17:28:32],访问了[com.nowcoder.community.service.UserService.findLoginTicket].
2022-03-08 17:28:32,385 INFO [http-nio-8080-exec-3] c.n.c.a.ServiceLogAspect [ServiceLogAspect.java:38] 用户[0:0:0:0:0:0:0:1],在[2022-03-08 17:28:32],访问了[com.nowcoder.community.service.UserService.findUserById].
2022-03-08 17:28:32,386 INFO [http-nio-8080-exec-3] c.n.c.a.ServiceLogAspect [ServiceLogAspect.java:38] 用户[0:0:0:0:0:0:0:1],在[2022-03-08 17:28:32],访问了[com.nowcoder.community.service.UserService.findUserById].
2022-03-08 17:28:32,388 INFO [http-nio-8080-exec-3] c.n.c.a.ServiceLogAspect [ServiceLogAspect.java:38] 用户[0:0:0:0:0:0:0:1],在[2022-03-08 17:28:32],访问了[com.nowcoder.community.service.LikeService.findUserLikeCount].
2022-03-08 17:28:32,388 INFO [http-nio-8080-exec-3] c.n.c.a.ServiceLogAspect [ServiceLogAspect.java:38] 用户[0:0:0:0:0:0:0:1],在[2022-03-08 17:28:32],访问了[com.nowcoder.community.service.FollowService.findFolloweeCount].
2022-03-08 17:28:32,389 INFO [http-nio-8080-exec-3] c.n.c.a.ServiceLogAspect [ServiceLogAspect.java:38] 用户[0:0:0:0:0:0:0:1],在[2022-03-08 17:28:32],访问了[com.nowcoder.community.service.FollowService.findFollowerCount].
2022-03-08 17:28:32,389 INFO [http-nio-8080-exec-3] c.n.c.a.ServiceLogAspect [ServiceLogAspect.java:38] 用户[0:0:0:0:0:0:0:1],在[2022-03-08 17:28:32],访问了[com.nowcoder.community.service.FollowService.hasFollowed].
2022-03-08 17:29:47,468 INFO [http-nio-8080-exec-1] c.n.c.a.ServiceLogAspect [ServiceLogAspect.java:38] 用户[0:0:0:0:0:0:0:1],在[2022-03-08 17:29:47],访问了[com.nowcoder.community.service.UserService.findLoginTicket].
2022-03-08 17:29:47,470 INFO [http-nio-8080-exec-1] c.n.c.a.ServiceLogAspect [ServiceLogAspect.java:38] 用户[0:0:0:0:0:0:0:1],在[2022-03-08 17:29:47],访问了[com.nowcoder.community.service.UserService.findUserById].
2022-03-08 17:29:47,471 INFO [http-nio-8080-exec-1] c.n.c.a.ServiceLogAspect [ServiceLogAspect.java:38] 用户[0:0:0:0:0:0:0:1],在[2022-03-08 17:29:47],访问了[com.nowcoder.community.service.UserService.findUserById].
2022-03-08 17:29:47,473 INFO [http-nio-8080-exec-1] c.n.c.a.ServiceLogAspect [ServiceLogAspect.java:38] 用户[0:0:0:0:0:0:0:1],在[2022-03-08 17:29:47],访问了[com.nowcoder.community.service.LikeService.findUserLikeCount].
2022-03-08 17:29:47,474 INFO [http-nio-8080-exec-1] c.n.c.a.ServiceLogAspect [ServiceLogAspect.java:38] 用户[0:0:0:0:0:0:0:1],在[2022-03-08 17:29:47],访问了[com.nowcoder.community.service.FollowService.findFolloweeCount].
2022-03-08 17:29:47,474 INFO [http-nio-8080-exec-1] c.n.c.a.ServiceLogAspect [ServiceLogAspect.java:38] 用户[0:0:0:0:0:0:0:1],在[2022-03-08 17:29:47],访问了[com.nowcoder.community.service.FollowService.findFollowerCount].
2022-03-08 17:29:47,474 INFO [http-nio-8080-exec-1] c.n.c.a.ServiceLogAspect [ServiceLogAspect.java:38] 用户[0:0:0:0:0:0:0:1],在[2022-03-08 17:29:47],访问了[com.nowcoder.community.service.FollowService.hasFollowed].
2022-03-08 17:30:53,247 INFO [http-nio-8080-exec-6] c.n.c.a.ServiceLogAspect [ServiceLogAspect.java:38] 用户[0:0:0:0:0:0:0:1],在[2022-03-08 17:30:53],访问了[com.nowcoder.community.service.UserService.findLoginTicket].
2022-03-08 17:30:53,249 INFO [http-nio-8080-exec-6] c.n.c.a.ServiceLogAspect [ServiceLogAspect.java:38] 用户[0:0:0:0:0:0:0:1],在[2022-03-08 17:30:53],访问了[com.nowcoder.community.service.UserService.findUserById].
2022-03-08 17:30:53,250 INFO [http-nio-8080-exec-6] c.n.c.a.ServiceLogAspect [ServiceLogAspect.java:38] 用户[0:0:0:0:0:0:0:1],在[2022-03-08 17:30:53],访问了[com.nowcoder.community.service.UserService.findUserById].
2022-03-08 17:30:53,252 INFO [http-nio-8080-exec-6] c.n.c.a.ServiceLogAspect [ServiceLogAspect.java:38] 用户[0:0:0:0:0:0:0:1],在[2022-03-08 17:30:53],访问了[com.nowcoder.community.service.LikeService.findUserLikeCount].
2022-03-08 17:30:53,252 INFO [http-nio-8080-exec-6] c.n.c.a.ServiceLogAspect [ServiceLogAspect.java:38] 用户[0:0:0:0:0:0:0:1],在[2022-03-08 17:30:53],访问了[com.nowcoder.community.service.FollowService.findFolloweeCount].
2022-03-08 17:30:53,253 INFO [http-nio-8080-exec-6] c.n.c.a.ServiceLogAspect [ServiceLogAspect.java:38] 用户[0:0:0:0:0:0:0:1],在[2022-03-08 17:30:53],访问了[com.nowcoder.community.service.FollowService.findFollowerCount].
2022-03-08 17:30:53,253 INFO [http-nio-8080-exec-6] c.n.c.a.ServiceLogAspect [ServiceLogAspect.java:38] 用户[0:0:0:0:0:0:0:1],在[2022-03-08 17:30:53],访问了[com.nowcoder.community.service.FollowService.hasFollowed].
2022-03-08 17:30:54,318 INFO [http-nio-8080-exec-3] c.n.c.a.ServiceLogAspect [ServiceLogAspect.java:38] 用户[0:0:0:0:0:0:0:1],在[2022-03-08 17:30:54],访问了[com.nowcoder.community.service.UserService.findLoginTicket].
2022-03-08 17:30:54,320 INFO [http-nio-8080-exec-3] c.n.c.a.ServiceLogAspect [ServiceLogAspect.java:38] 用户[0:0:0:0:0:0:0:1],在[2022-03-08 17:30:54],访问了[com.nowcoder.community.service.UserService.findUserById].
2022-03-08 17:30:54,321 INFO [http-nio-8080-exec-3] c.n.c.a.ServiceLogAspect [ServiceLogAspect.java:38] 用户[0:0:0:0:0:0:0:1],在[2022-03-08 17:30:54],访问了[com.nowcoder.community.service.FollowService.follow].
2022-03-08 17:30:54,337 INFO [http-nio-8080-exec-5] c.n.c.a.ServiceLogAspect [ServiceLogAspect.java:38] 用户[0:0:0:0:0:0:0:1],在[2022-03-08 17:30:54],访问了[com.nowcoder.community.service.UserService.findLoginTicket].
2022-03-08 17:30:54,338 INFO [http-nio-8080-exec-5] c.n.c.a.ServiceLogAspect [ServiceLogAspect.java:38] 用户[0:0:0:0:0:0:0:1],在[2022-03-08 17:30:54],访问了[com.nowcoder.community.service.UserService.findUserById].
2022-03-08 17:30:54,339 INFO [http-nio-8080-exec-5] c.n.c.a.ServiceLogAspect [ServiceLogAspect.java:38] 用户[0:0:0:0:0:0:0:1],在[2022-03-08 17:30:54],访问了[com.nowcoder.community.service.UserService.findUserById].
2022-03-08 17:30:54,340 INFO [http-nio-8080-exec-5] c.n.c.a.ServiceLogAspect [ServiceLogAspect.java:38] 用户[0:0:0:0:0:0:0:1],在[2022-03-08 17:30:54],访问了[com.nowcoder.community.service.LikeService.findUserLikeCount].
2022-03-08 17:30:54,341 INFO [http-nio-8080-exec-5] c.n.c.a.ServiceLogAspect [ServiceLogAspect.java:38] 用户[0:0:0:0:0:0:0:1],在[2022-03-08 17:30:54],访问了[com.nowcoder.community.service.FollowService.findFolloweeCount].
2022-03-08 17:30:54,341 INFO [http-nio-8080-exec-5] c.n.c.a.ServiceLogAspect [ServiceLogAspect.java:38] 用户[0:0:0:0:0:0:0:1],在[2022-03-08 17:30:54],访问了[com.nowcoder.community.service.FollowService.findFollowerCount].
2022-03-08 17:30:54,341 INFO [http-nio-8080-exec-5] c.n.c.a.ServiceLogAspect [ServiceLogAspect.java:38] 用户[0:0:0:0:0:0:0:1],在[2022-03-08 17:30:54],访问了[com.nowcoder.community.service.FollowService.hasFollowed].
2022-03-08 17:30:55,071 INFO [http-nio-8080-exec-8] c.n.c.a.ServiceLogAspect [ServiceLogAspect.java:38] 用户[0:0:0:0:0:0:0:1],在[2022-03-08 17:30:55],访问了[com.nowcoder.community.service.UserService.findLoginTicket].
2022-03-08 17:30:55,073 INFO [http-nio-8080-exec-8] c.n.c.a.ServiceLogAspect [ServiceLogAspect.java:38] 用户[0:0:0:0:0:0:0:1],在[2022-03-08 17:30:55],访问了[com.nowcoder.community.service.UserService.findUserById].
2022-03-08 17:30:55,074 INFO [http-nio-8080-exec-8] c.n.c.a.ServiceLogAspect [ServiceLogAspect.java:38] 用户[0:0:0:0:0:0:0:1],在[2022-03-08 17:30:55],访问了[com.nowcoder.community.service.FollowService.unfollow].
2022-03-08 17:30:55,091 INFO [http-nio-8080-exec-9] c.n.c.a.ServiceLogAspect [ServiceLogAspect.java:38] 用户[0:0:0:0:0:0:0:1],在[2022-03-08 17:30:55],访问了[com.nowcoder.community.service.UserService.findLoginTicket].
2022-03-08 17:30:55,092 INFO [http-nio-8080-exec-9] c.n.c.a.ServiceLogAspect [ServiceLogAspect.java:38] 用户[0:0:0:0:0:0:0:1],在[2022-03-08 17:30:55],访问了[com.nowcoder.community.service.UserService.findUserById].
2022-03-08 17:30:55,093 INFO [http-nio-8080-exec-9] c.n.c.a.ServiceLogAspect [ServiceLogAspect.java:38] 用户[0:0:0:0:0:0:0:1],在[2022-03-08 17:30:55],访问了[com.nowcoder.community.service.UserService.findUserById].
2022-03-08 17:30:55,094 INFO [http-nio-8080-exec-9] c.n.c.a.ServiceLogAspect [ServiceLogAspect.java:38] 用户[0:0:0:0:0:0:0:1],在[2022-03-08 17:30:55],访问了[com.nowcoder.community.service.LikeService.findUserLikeCount].
2022-03-08 17:30:55,094 INFO [http-nio-8080-exec-9] c.n.c.a.ServiceLogAspect [ServiceLogAspect.java:38] 用户[0:0:0:0:0:0:0:1],在[2022-03-08 17:30:55],访问了[com.nowcoder.community.service.FollowService.findFolloweeCount].
2022-03-08 17:30:55,095 INFO [http-nio-8080-exec-9] c.n.c.a.ServiceLogAspect [ServiceLogAspect.java:38] 用户[0:0:0:0:0:0:0:1],在[2022-03-08 17:30:55],访问了[com.nowcoder.community.service.FollowService.findFollowerCount].
2022-03-08 17:30:55,096 INFO [http-nio-8080-exec-9] c.n.c.a.ServiceLogAspect [ServiceLogAspect.java:38] 用户[0:0:0:0:0:0:0:1],在[2022-03-08 17:30:55],访问了[com.nowcoder.community.service.FollowService.hasFollowed].
